[23/01/2013 01:52:07] /i addon doll
[23/01/2013 01:52:08] /i addon doll
[23/01/2013 01:52:08] /i addon doll
[23/01/2013 01:52:09] /i addon doll
[23/01/2013 01:52:09] /i addon doll
[23/01/2013 01:52:10] /i addon doll
[23/01/2013 01:52:10] /i addon doll
[23/01/2013 01:52:11] /i addon doll
[23/01/2013 01:52:11] /i addon doll
[23/01/2013 01:52:56] /i 9693
[23/01/2013 01:52:56] /i 9693
[23/01/2013 01:52:57] /i 9693
[23/01/2013 01:52:57] /i 9693
[23/01/2013 01:52:57] /i 9693
[23/01/2013 01:52:58] /i 9693
[23/01/2013 01:52:58] /i 9693
[23/01/2013 01:52:58] /i 9693
[23/01/2013 01:52:59] /i 9693
[23/01/2013 01:52:59] /i 9693
[23/01/2013 01:52:59] /i 9693
[23/01/2013 01:53:00] /i 9693
[23/01/2013 01:53:00] /i 9693
[23/01/2013 01:53:00] /i 9693
[23/01/2013 01:53:01] /i 9693
[23/01/2013 01:53:01] /i 9693
[23/01/2013 01:53:02] /i 9693
[23/01/2013 01:53:02] /i 9693
[23/01/2013 01:53:03] /i 9693
[23/01/2013 01:53:03] /i 9693
[23/01/2013 01:53:03] /i 9693
[23/01/2013 01:53:04] /i 9693
[23/01/2013 01:53:04] /i 9693
[23/01/2013 01:53:10] /i 9693
[23/01/2013 01:53:11] /i 9693
[23/01/2013 01:53:11] /i 9693
[23/01/2013 01:53:12] /i 9693
[23/01/2013 01:53:17] /i addon wizard
[23/01/2013 01:54:30] /i moon backpack
[23/01/2013 01:57:47] /i 6132
[23/01/2013 01:57:54] /i frozen starlight
[23/01/2013 01:57:55] /i frozen starlight
[23/01/2013 01:59:04] /goto Sunnade'Audio<3'
[23/01/2013 01:59:57] /goto Sunnade'Audio<3'
[23/01/2013 02:00:19] /i 7414
[23/01/2013 02:00:32] /m demon
[23/01/2013 02:01:15] /i 12279
[23/01/2013 02:01:36] /i 7735
[23/01/2013 02:01:58] /i 7429
[23/01/2013 02:02:23] /r
[23/01/2013 02:02:58] /i blessed shield
[23/01/2013 02:02:59] /i blessed shield
[23/01/2013 02:03:05] /i mace
[23/01/2013 02:03:14] /attr set attack 50
[23/01/2013 02:03:21] /attr set defense 50
[23/01/2013 02:03:24] /attr set defense 50
[23/01/2013 02:04:10] /attr set attack 70
[23/01/2013 02:04:16] /m druid
[23/01/2013 02:04:22] /m cyclops
[23/01/2013 02:04:58] /m cyclops
[23/01/2013 02:04:59] /m cyclops
[23/01/2013 02:04:59] /m cyclops
[23/01/2013 02:05:29] /i 613
[23/01/2013 02:05:30] /i 6132
[23/01/2013 02:05:40] /attr set defense 100
[23/01/2013 02:05:51] /attr set defense 100
[23/01/2013 02:05:58] /attr set attack 80
[23/01/2013 02:06:15] /i demon helmet
[23/01/2013 02:06:18] /i demon armmor
[23/01/2013 02:06:21] /i demon armor
[23/01/2013 02:06:24] /i demon legs
[23/01/2013 02:06:44] /m dragn
[23/01/2013 02:06:47] /m dragon
[23/01/2013 02:08:04] /m dragon lord
[23/01/2013 02:08:04] /m dragon lord
[23/01/2013 02:08:05] /m dragon lord
[23/01/2013 02:08:05] /m dragon lord
[23/01/2013 02:08:06] /m dragon lord
[23/01/2013 02:08:06] /m dragon lord
[23/01/2013 02:08:07] /m dragon lord
[23/01/2013 02:08:07] /m dragon lord
[23/01/2013 02:09:16] /c Sunnade'Audio<3'
[23/01/2013 02:10:41] /i 2280
[23/01/2013 02:11:04] /i 2284
[23/01/2013 02:11:39] /i 2264
[23/01/2013 02:11:54] /i 2282
[23/01/2013 02:12:07] /i 6280
[23/01/2013 02:12:11] /i 6280
[23/01/2013 02:12:44] /i 9004
[23/01/2013 02:12:59] /i 5958
[23/01/2013 02:13:04] /i 5958
[23/01/2013 02:13:18] /i 8981
[23/01/2013 02:26:48] /m dragon
[23/01/2013 02:28:29] /m demon
[23/01/2013 02:28:30] /m demon
[23/01/2013 02:28:30] /m demon
[23/01/2013 02:28:31] /m demon
[23/01/2013 02:29:04] /c Sunnade'Audio<3'
[23/01/2013 02:37:54] /i 8981
[23/01/2013 02:38:27] /m demon
[23/01/2013 02:38:28] /m demon
[23/01/2013 02:38:28] /m demon
[23/01/2013 02:38:29] /m demon
[23/01/2013 02:39:14] /m demon
[23/01/2013 02:39:23] /i 7735
[23/01/2013 02:40:11] /m exp bug
[23/01/2013 02:40:16] /m tibia bug
[23/01/2013 02:40:21] /m paladin
[23/01/2013 02:40:24] /m ferumbras
[23/01/2013 02:42:02] /m ferumbras
[23/01/2013 02:42:03] /m ferumbras
[23/01/2013 02:43:25] /c sunnade'audio<3'
[23/01/2013 02:45:03] /m ferumbras
[23/01/2013 02:45:04] /m ferumbras
[23/01/2013 02:45:59] /a 50
[23/01/2013 02:46:00] /a 50
[23/01/2013 02:46:02] /a 20
[23/01/2013 02:46:08] /m dragon lord
[23/01/2013 02:46:09] /m dragon lord
[23/01/2013 02:46:09] /m dragon lord
[23/01/2013 02:46:10] /m dragon lord
[23/01/2013 02:46:11] /m dragon lord
[23/01/2013 02:46:12] /m dragon lord
[23/01/2013 02:46:13] /m dragon lord
[23/01/2013 02:46:13] /m dragon lord
[23/01/2013 02:46:14] /m dragon lord
[23/01/2013 02:46:48] /m demon
[23/01/2013 02:46:49] /m demon
[23/01/2013 02:48:22] /i shard
[23/01/2013 02:48:25] /i shard
[23/01/2013 02:48:26] /i shard
[23/01/2013 02:48:27] /i shard
[23/01/2013 02:48:28] /i shard
[23/01/2013 02:48:29] /i shard
[23/01/2013 02:48:38] /m demon
[23/01/2013 02:48:39] /m demon
[23/01/2013 02:48:40] /i shard
[23/01/2013 02:48:41] /i shard
[23/01/2013 02:48:41] /i shard
[23/01/2013 02:48:42] /i shard
[23/01/2013 02:48:43] /i shard
[23/01/2013 02:48:43] /i shard
[23/01/2013 02:48:44] /i shard
[23/01/2013 02:48:45] /i shard
[23/01/2013 02:49:38] /i shard
[23/01/2013 02:50:06] /m demon
[23/01/2013 02:50:07] /m demon
[23/01/2013 02:50:07] /m demon
[23/01/2013 02:50:08] /m demon
[23/01/2013 02:50:08] /m demon
[23/01/2013 02:50:09] /m demon
[23/01/2013 02:50:09] /m demon
[23/01/2013 02:50:10] /m demon
[23/01/2013 02:50:11] /m demon
[23/01/2013 02:50:11] /m demon
[23/01/2013 02:50:12] /m demon
[23/01/2013 02:50:12] /m demon
[23/01/2013 02:50:13] /m demon
[23/01/2013 02:50:13] /m demon
[23/01/2013 02:50:14] /m demon
[23/01/2013 02:50:14] /m demon
[23/01/2013 02:50:15] /m demon
[23/01/2013 02:50:15] /m demon
[23/01/2013 02:50:16] /m demon
[23/01/2013 02:50:16] /m demon
[23/01/2013 02:50:17] /m demon
[23/01/2013 02:50:17] /m demon
[23/01/2013 02:50:18] /m demon
[23/01/2013 02:50:18] /m demon
[23/01/2013 02:50:20] /m demon
[23/01/2013 02:50:20] /m demon
[23/01/2013 02:50:21] /m demon
[23/01/2013 02:50:22] /m demon
[23/01/2013 02:50:22] /m demon
[23/01/2013 02:50:23] /m demon
[23/01/2013 02:50:23] /m demon
[23/01/2013 02:50:24] /m demon
[23/01/2013 02:50:24] /m demon
[23/01/2013 02:50:25] /m demon
[23/01/2013 02:50:25] /m demon
[23/01/2013 02:51:19] /goto Sunnade'Audio<3'
[23/01/2013 02:53:35] /m ferumbras
[23/01/2013 02:53:38] /m brazir
[23/01/2013 02:53:45] /m brazir
[23/01/2013 02:53:56] /m orshabal
[23/01/2013 02:54:13] /m Boogey
[23/01/2013 02:54:20] /m bride of night
[23/01/2013 02:54:30] /m demon parrot
[23/01/2013 02:54:36] /m Dirtbeard
[23/01/2013 02:54:45] /m medusa
[23/01/2013 02:54:46] /m medusa
[23/01/2013 02:54:47] /m medusa
[23/01/2013 02:54:47] /m medusa
[23/01/2013 02:54:47] /m medusa
[23/01/2013 02:54:48] /m medusa
[23/01/2013 02:54:48] /m medusa
[23/01/2013 02:55:57] /m The Many
[23/01/2013 02:56:15] /m The Noxious Spawn
[23/01/2013 02:56:52] /m The Many
[23/01/2013 02:57:03] /m Monstor
[23/01/2013 02:57:08] /m Rottie the Rotworm
[23/01/2013 02:57:14] /m Shardhead
[23/01/2013 02:57:21] /m Shardhead
[23/01/2013 02:57:49] /m hot dog
[23/01/2013 02:58:24] /m bug
[23/01/2013 02:58:36] /m azure frog
[23/01/2013 02:59:27] /m Freegoiz
[23/01/2013 02:59:33] /m ghazbaran
[23/01/2013 03:00:37] /m orshabaal
[23/01/2013 03:01:24] /m Shadow of Boreth
[23/01/2013 03:01:30] /m Sir Valorcrest
[23/01/2013 03:02:24] /m bazir
[23/01/2013 03:03:46] /m Sir Valorcrest
[23/01/2013 03:04:00] /m elder beholder
[23/01/2013 03:04:10] /m lava hole
[23/01/2013 03:04:17] /r
[23/01/2013 03:04:18] /r
[23/01/2013 03:04:18] /r
[23/01/2013 03:04:25] /m Chizzoron the Distorter
[23/01/2013 03:04:42] /m Zulazza the Corruptor
[23/01/2013 03:04:51] /m monsters
[23/01/2013 03:10:30] /i level scroll
[23/01/2013 03:10:39] /clean
[23/01/2013 16:26:57] /m demon
[23/01/2013 16:27:01] /m demon
[23/01/2013 16:27:01] /m demon
[23/01/2013 16:27:01] /m demon
[23/01/2013 16:56:04] /m demon
[23/01/2013 16:56:06] /m demon
[23/01/2013 16:56:06] /m demon
[23/01/2013 16:56:06] /m demon
[23/01/2013 16:56:11] /m demon
[23/01/2013 16:56:11] /m demon
[23/01/2013 16:56:12] /m demon
[23/01/2013 16:56:12] /m demon
[23/01/2013 16:56:18] /m demon
[23/01/2013 16:56:19] /m demon
[23/01/2013 16:56:20] /m demon
[23/01/2013 17:10:47] /n antonio
[23/01/2013 17:10:50] /n antonio
[23/01/2013 17:28:08] /m demon
[23/01/2013 17:50:32] /m demon
[23/01/2013 17:50:33] /m demon
[23/01/2013 17:50:34] /m demon
[23/01/2013 17:50:34] /m demon
[23/01/2013 17:50:35] /m demon
[23/01/2013 17:50:36] /m demon
[23/01/2013 17:50:36] /m demon
[23/01/2013 17:50:37] /m demon
[23/01/2013 17:50:37] /m demon
[23/01/2013 17:50:38] /m demon
[23/01/2013 17:50:39] /m demon
[23/01/2013 17:50:39] /m demon
[23/01/2013 17:50:40] /m demon
[23/01/2013 17:50:40] /m demon
[23/01/2013 17:50:41] /m demon
[23/01/2013 17:50:41] /m demon
[23/01/2013 17:50:42] /m demon
[23/01/2013 17:50:42] /m demon
[23/01/2013 17:50:43] /m demon
[23/01/2013 17:50:43] /m demon
[23/01/2013 17:50:44] /m demon
[23/01/2013 17:50:44] /m demon
[23/01/2013 17:50:45] /m demon
[23/01/2013 17:50:45] /m demon
[23/01/2013 17:50:45] /m demon
[23/01/2013 17:50:46] /m demon
[23/01/2013 17:50:46] /m demon
[23/01/2013 17:50:47] /m demon
[23/01/2013 17:50:47] /m demon
[23/01/2013 17:50:48] /m demon
[23/01/2013 17:50:48] /m demon
[23/01/2013 17:50:49] /m demon
[23/01/2013 17:50:49] /m demon
[23/01/2013 18:22:45] /m demon
[23/01/2013 18:22:57] /i 7958
[23/01/2013 18:23:10] /i 7429
[23/01/2013 18:23:22] /i 2436
[23/01/2013 18:23:38] /i 12609
[23/01/2013 19:57:57] /i 7414
[23/01/2013 19:58:04] /m demon
[23/01/2013 19:58:39] /i 8920
[23/01/2013 19:59:08] /i 7958
[23/01/2013 19:59:46] /i 2436
[23/01/2013 20:00:54] /i 7958
[23/01/2013 20:01:24] /i 7414
[23/01/2013 20:01:52] /i 2183
[23/01/2013 20:02:47] /i 2182
[23/01/2013 20:02:54] /i 7735
[23/01/2013 20:28:51] /i 7410
[23/01/2013 20:29:11] /i 7429
[23/01/2013 20:29:18] /i 7958
[23/01/2013 20:29:23] /m demon
[23/01/2013 20:29:27] /n antonio
[23/01/2013 20:30:15] /r
[23/01/2013 20:35:17] /n A Fluffy Squirrel
[23/01/2013 20:36:14] /i 11207
[23/01/2013 20:36:30] /r
[23/01/2013 20:36:46] /n A Ghostly Guardian
[23/01/2013 20:36:57] /r
[23/01/2013 20:37:08] /n Alexander
[23/01/2013 20:37:39] /r
[23/01/2013 20:38:03] /n Donald
[23/01/2013 20:38:22] /r
[23/01/2013 20:38:24] /r
[23/01/2013 20:38:54] /r
[23/01/2013 20:38:55] /r
[23/01/2013 20:38:57] /r
[23/01/2013 20:38:58] /r
[23/01/2013 20:39:14] /a 5
[23/01/2013 20:39:15] /a 5
[23/01/2013 20:39:15] /a 5
[23/01/2013 20:39:16] /a 5
[23/01/2013 20:39:18] /r
[23/01/2013 20:39:37] /n H.L.
[23/01/2013 20:39:44] /r
[23/01/2013 20:40:05] /n Paladin Narai
[23/01/2013 20:40:12] /r
[23/01/2013 20:40:24] /n sandra
[23/01/2013 20:40:36] /r
[23/01/2013 20:42:12] /i 7890
[23/01/2013 20:43:15] /i 2173
[23/01/2013 20:43:20] /m demon
[23/01/2013 20:43:20] /m demon
[23/01/2013 20:43:20] /m demon
[23/01/2013 20:43:22] /m demon
[23/01/2013 20:43:22] /m demon
[23/01/2013 20:49:04] /a 5
[23/01/2013 20:49:09] /a 5
[23/01/2013 20:49:35] /a 4
[23/01/2013 20:49:39] /a 4
[23/01/2013 20:49:42] /a 4
[23/01/2013 20:49:43] /a 4
[23/01/2013 20:49:44] /a 4
[23/01/2013 20:49:44] /a 4
[23/01/2013 20:49:45] /a 4
[23/01/2013 20:49:47] /a 4
[23/01/2013 20:49:47] /a 5
[23/01/2013 20:49:48] /a 5
[23/01/2013 20:49:48] /a 5
[23/01/2013 20:49:50] /a 5
[23/01/2013 20:49:52] /a 5
[23/01/2013 20:49:55] /a
[23/01/2013 20:49:57] /a
[23/01/2013 20:49:59] /a
[23/01/2013 20:50:01] /a
[23/01/2013 20:50:02] /a
[23/01/2013 20:50:02] /a
[23/01/2013 20:50:03] /a
[23/01/2013 20:50:03] /a
[23/01/2013 20:50:03] /a
[23/01/2013 20:50:04] /a
[23/01/2013 20:50:04] /a
[23/01/2013 20:50:07] /a 4
[23/01/2013 20:56:48] /i 2468
[23/01/2013 20:57:44] /i 7890
[23/01/2013 20:59:51] /clean 1
[23/01/2013 21:00:04] /r
[23/01/2013 21:00:05] /a
[23/01/2013 21:00:12] /i 1050
[23/01/2013 21:00:25] /r
[23/01/2013 21:00:31] /i 1049
[23/01/2013 21:00:34] /a
[23/01/2013 21:00:37] /r
[23/01/2013 21:00:38] /r
[23/01/2013 21:00:40] /r
[23/01/2013 21:00:42] /a
[23/01/2013 21:00:44] /i 1049
[23/01/2013 21:00:51] /r
[23/01/2013 21:00:57] /a
[23/01/2013 21:01:01] /i 1053
[23/01/2013 21:01:03] /i 1053
[23/01/2013 21:01:05] /i 1053
[23/01/2013 21:01:08] /a
[23/01/2013 21:01:10] /i 1053
[23/01/2013 21:01:15] /r
[23/01/2013 21:01:16] /r
[23/01/2013 21:01:19] /r
[23/01/2013 21:01:20] /r
[23/01/2013 21:01:23] /r
[23/01/2013 21:01:25] /r
[23/01/2013 21:01:31] /r
[23/01/2013 21:01:33] /r
[23/01/2013 21:01:38] /a
[23/01/2013 21:01:40] /a
[23/01/2013 21:01:44] /i 1049
[23/01/2013 21:01:48] /r
[23/01/2013 21:01:56] /r
[23/01/2013 21:01:57] /r
[23/01/2013 21:01:58] /r
[23/01/2013 21:02:00] /r
[23/01/2013 21:02:03] /r
[23/01/2013 21:02:03] /r
[23/01/2013 21:02:05] /r
[23/01/2013 21:02:05] /r
[23/01/2013 21:02:07] /r
[23/01/2013 21:02:08] /r
[23/01/2013 21:02:09] /r
[23/01/2013 21:02:11] /r
[23/01/2013 21:02:12] /r
[23/01/2013 21:02:19] /r
[23/01/2013 21:02:24] /r
[23/01/2013 21:02:25] /r
[23/01/2013 21:02:26] /r
[23/01/2013 21:02:28] /r
[23/01/2013 21:02:31] /r
[23/01/2013 21:02:35] /r
[23/01/2013 21:02:40] /r
[23/01/2013 21:02:41] /r
[23/01/2013 21:02:41] /r
[23/01/2013 21:02:43] /r
[23/01/2013 21:02:46] /r
[23/01/2013 21:02:48] /r
[23/01/2013 21:02:52] /r
[23/01/2013 21:02:55] /r
[23/01/2013 21:02:55] /r
[23/01/2013 21:02:56] /r
[23/01/2013 21:02:57] /r
[23/01/2013 21:02:59] /r
[23/01/2013 21:02:59] /r
[23/01/2013 21:03:08] /a
[23/01/2013 21:03:11] /i 424
[23/01/2013 21:03:12] /i 424
[23/01/2013 21:03:13] /i 424
[23/01/2013 21:03:13] /i 424
[23/01/2013 21:03:15] /i 424
[23/01/2013 21:03:15] /i 424
[23/01/2013 21:03:16] /i 424
[23/01/2013 21:03:20] /i 424
[23/01/2013 21:03:21] /i 424
[23/01/2013 21:03:22] /i 424
[23/01/2013 21:03:23] /i 424
[23/01/2013 21:03:23] /i 424
[23/01/2013 21:03:24] /i 424
[23/01/2013 21:03:25] /i 424
[23/01/2013 21:03:26] /i 424
[23/01/2013 21:03:26] /i 424
[23/01/2013 21:03:28] /i 424
[23/01/2013 21:03:28] /i 424
[23/01/2013 21:03:28] /i 424
[23/01/2013 21:03:28] /i 424
[23/01/2013 21:03:29] /i 424
[23/01/2013 21:03:29] /i 424
[23/01/2013 21:03:31] /i 424
[23/01/2013 21:03:31] /i 424
[23/01/2013 21:03:31] /i 424
[23/01/2013 21:03:32] /i 424
[23/01/2013 21:03:32] /i 424
[23/01/2013 21:03:32] /i 424
[23/01/2013 21:03:33] /i 424
[23/01/2013 21:03:34] /i 424
[23/01/2013 21:03:35] /i 424
[23/01/2013 21:03:35] /i 424
[23/01/2013 21:03:35] /i 424
[23/01/2013 21:03:36] /i 424
[23/01/2013 21:03:37] /i 424
[23/01/2013 21:03:37] /i 424
[23/01/2013 21:03:39] /i 424
[23/01/2013 21:03:39] /i 424
[23/01/2013 21:03:39] /i 424
[23/01/2013 21:03:40] /i 424
[23/01/2013 21:03:40] /i 424
[23/01/2013 21:03:41] /i 424
[23/01/2013 21:03:42] /i 424
[23/01/2013 21:03:42] /i 424
[23/01/2013 21:03:48] /i 424
[23/01/2013 21:03:48] /i 424
[23/01/2013 21:03:48] /i 424
[23/01/2013 21:03:48] /i 424
[23/01/2013 21:03:49] /i 424
[23/01/2013 21:03:50] /a
[23/01/2013 21:03:51] /i 424
[23/01/2013 21:03:51] /i 424
[23/01/2013 21:03:53] /a
[23/01/2013 21:03:55] /i 424
[23/01/2013 21:03:56] /a
[23/01/2013 21:03:57] /i 424
[23/01/2013 21:03:59] /i 424
[23/01/2013 21:03:59] /i 424
[23/01/2013 21:04:00] /i 424
[23/01/2013 21:04:00] /i 424
[23/01/2013 21:04:00] /i 424
[23/01/2013 21:04:01] /i 424
[23/01/2013 21:04:02] /i 424
[23/01/2013 21:04:02] /i 424
[23/01/2013 21:04:04] /i 424
[23/01/2013 21:04:04] /i 424
[23/01/2013 21:04:04] /i 424
[23/01/2013 21:04:24] /a 20
[23/01/2013 21:50:47] /i 6280
[23/01/2013 21:50:51] /i 6280
[23/01/2013 21:51:22] /i 8981
[23/01/2013 21:51:52] /i 5957
[23/01/2013 21:51:58] /i 5957
[23/01/2013 21:52:03] /i 5957
[23/01/2013 21:52:23] /i 8981
[23/01/2013 21:52:24] /a
[23/01/2013 21:52:38] /i 10503
[23/01/2013 21:52:44] /i 10503
[23/01/2013 21:52:59] /i 10503
[23/01/2013 21:52:59] /i 10503
[23/01/2013 21:53:00] /i 10503
[23/01/2013 21:53:00] /i 10503
[23/01/2013 21:53:07] /i 10503
[23/01/2013 21:53:10] /i 10503
[23/01/2013 21:53:13] /i 10503
[23/01/2013 21:53:14] /i 10503
[23/01/2013 21:53:14] /i 10503
[23/01/2013 21:53:15] /i 10503
[23/01/2013 21:53:21] /i 10503
[23/01/2013 21:53:22] /i 10503
[23/01/2013 21:53:22] /i 10503
[23/01/2013 21:53:23] /i 10503
[23/01/2013 21:53:26] /i 10503
[23/01/2013 21:53:26] /i 10503
[23/01/2013 21:53:27] /i 10503
[23/01/2013 21:53:27] /i 10503
[23/01/2013 21:54:38] /i 9969
[23/01/2013 21:54:59] /i 2579
[23/01/2013 21:55:34] /i 2687
[23/01/2013 21:55:46] /i 6394
[23/01/2013 21:55:55] /i 6280
[23/01/2013 21:56:21] /i 6574
[23/01/2013 21:56:28] /i 6578
[23/01/2013 21:56:33] /i 6575
[23/01/2013 21:56:39] /i 6577
[23/01/2013 21:56:46] /i 6569
[23/01/2013 21:56:58] /i 6576
[23/01/2013 21:57:04] /i 6572
[23/01/2013 21:57:10] /i 2114
[23/01/2013 21:57:16] /i 6576
[23/01/2013 21:57:19] /i 6576
[23/01/2013 21:57:20] /i 6576
[23/01/2013 21:57:20] /i 6576
[23/01/2013 21:57:24] /i 6576
[23/01/2013 21:57:25] /i 6576
[23/01/2013 21:57:45] /i 2153
[23/01/2013 21:57:58] /i 2153
[23/01/2013 21:58:09] /i 9969
[23/01/2013 21:58:23] /i 6132
[23/01/2013 21:58:37] /i 12597
[23/01/2013 21:59:02] /i 10597
[23/01/2013 21:59:05] /r
[23/01/2013 21:59:06] /r
[23/01/2013 21:59:15] /i 11350
[23/01/2013 21:59:22] /i 12604
[23/01/2013 21:59:31] /i 11349
[23/01/2013 21:59:36] /i 10169
[23/01/2013 21:59:49] /i 2275
[23/01/2013 22:00:07] /i 12608
[23/01/2013 22:00:23] /i 10169
[23/01/2013 22:00:42] /i 12605
[23/01/2013 22:00:50] /i 10571
[23/01/2013 22:01:02] /i 10943
[23/01/2013 22:01:19] /i 10503
[23/01/2013 22:01:25] /i 10503
[23/01/2013 22:01:33] /i 10571
[23/01/2013 22:01:45] /i 6574
[23/01/2013 22:02:23] /i 6574
[23/01/2013 22:02:42] /a 5
[23/01/2013 22:02:45] /a 5
[23/01/2013 22:02:46] /a 5
[23/01/2013 22:02:49] /clean
[23/01/2013 22:05:10] /i elite draken armor
[23/01/2013 22:05:19] /i elite armor draken
[23/01/2013 22:06:33] /m dmeon
[23/01/2013 22:06:35] /m demon
[23/01/2013 22:06:36] /m demon
[23/01/2013 22:06:37] /m demon
[23/01/2013 22:06:37] /m demon
[23/01/2013 22:06:37] /m demon
[23/01/2013 22:06:49] /i 2160
[23/01/2013 22:06:51] /i 2160
[23/01/2013 22:25:30] /a 30
[23/01/2013 22:25:31] /a 30
[23/01/2013 22:25:32] /a 30
[23/01/2013 22:25:33] /a 30
[23/01/2013 22:25:34] /a 30
[23/01/2013 22:25:36] /a 20
[23/01/2013 22:25:49] /i caja sorpresa
[23/01/2013 22:25:51] /i caja sorpresa
[23/01/2013 22:25:52] /i caja sorpresa
[23/01/2013 22:39:37] /i 12601
[23/01/2013 22:39:43] /i 12602
[23/01/2013 22:39:44] /i 12603
[23/01/2013 22:39:47] /i 12604
[23/01/2013 22:39:48] /i 12605
[23/01/2013 22:39:49] /i 12606
[23/01/2013 22:39:51] /i 12607
[23/01/2013 22:39:52] /i 12608
[23/01/2013 22:39:53] /i 12609
[23/01/2013 22:39:56] /i 12610
[23/01/2013 22:40:16] /m demon
[23/01/2013 22:47:28] /i 12612
[23/01/2013 22:48:08] /i spellsbook
[23/01/2013 23:19:34] /i caja sorpresa
[23/01/2013 23:22:40] /i 7410
[24/01/2013 00:10:40] /i 1948
[24/01/2013 00:10:52] /i level scroll
[24/01/2013 00:11:08] /i 5958
[24/01/2013 00:17:21] /i 9653
[24/01/2013 00:18:12] /i draked doll
[24/01/2013 00:26:17] /i 12607
[25/01/2013 03:34:18] /r
[25/01/2013 03:34:20] /r
[25/01/2013 03:34:22] /r
[25/01/2013 03:34:23] /r
[25/01/2013 03:34:25] /r
[25/01/2013 03:34:26] /r
[25/01/2013 03:34:28] /r
[25/01/2013 03:34:31] /r
[25/01/2013 03:34:34] /r
[25/01/2013 03:34:36] /r
[25/01/2013 03:34:38] /r
[25/01/2013 03:34:39] /r
[25/01/2013 03:34:43] /r
[25/01/2013 03:34:44] /r
[25/01/2013 03:34:46] /r
[25/01/2013 03:34:48] /r
[25/01/2013 03:34:49] /r
[25/01/2013 03:34:51] /r
[25/01/2013 03:34:53] /r
[25/01/2013 03:34:56] /r
[25/01/2013 03:36:47] /r
[25/01/2013 03:36:50] /a
[25/01/2013 03:36:51] /a
[25/01/2013 03:36:51] /a
[25/01/2013 04:11:50] /a
[25/01/2013 04:11:53] /r
[25/01/2013 04:12:01] /a
[25/01/2013 04:12:11] /r
[25/01/2013 04:12:24] /r
[25/01/2013 04:12:25] /r
[25/01/2013 04:12:26] /r
[25/01/2013 04:12:26] /r
[25/01/2013 04:12:27] /r
[25/01/2013 04:12:27] /r
[25/01/2013 04:12:28] /r
[25/01/2013 04:12:28] /r
[25/01/2013 04:12:29] /r
[25/01/2013 04:12:29] /r
[25/01/2013 04:12:29] /r
[25/01/2013 04:12:30] /r
[25/01/2013 04:12:30] /r
[25/01/2013 04:12:31] /r
[25/01/2013 04:12:32] /r
[25/01/2013 04:12:49] /r
[25/01/2013 04:13:00] /r
[25/01/2013 04:13:13] /r
[25/01/2013 04:13:15] /r
[25/01/2013 04:30:43] /r
[25/01/2013 04:30:44] /r
[25/01/2013 04:30:45] /r
[25/01/2013 04:30:47] /r
[25/01/2013 04:30:47] /r
[25/01/2013 04:30:49] /r
[25/01/2013 04:32:13] /down
[25/01/2013 04:32:21] /c niu bara
[25/01/2013 04:33:04] /a 5
[25/01/2013 04:33:11] /a 10
[25/01/2013 04:33:13] /a 10
[25/01/2013 04:33:15] /a
[25/01/2013 04:33:16] /a
[25/01/2013 04:33:18] /a
[25/01/2013 04:33:18] /a
[25/01/2013 04:33:19] /a
[25/01/2013 04:33:20] /a
[25/01/2013 04:33:20] /a
[25/01/2013 04:33:21] /a
[25/01/2013 04:33:22] /a
[25/01/2013 04:33:22] /a
[25/01/2013 04:33:24] /a
[25/01/2013 04:33:25] /a
[25/01/2013 04:33:25] /a
[25/01/2013 04:33:26] /a
[25/01/2013 04:33:26] /a
[25/01/2013 04:34:03] /i 9459
[25/01/2013 04:34:18] /i 5785
[25/01/2013 04:35:23] /t
[25/01/2013 04:35:29] /down
[25/01/2013 04:35:31] /a 50
[25/01/2013 04:35:33] /a 50
[25/01/2013 04:35:34] /a 50
[25/01/2013 04:35:40] /goto niu~
[25/01/2013 04:36:02] /a 5
[25/01/2013 04:36:07] /n niu~
[25/01/2013 04:36:09] /n niu~
[25/01/2013 04:36:14] /c niu~
[25/01/2013 04:36:36] /i nose ring,
[25/01/2013 04:36:44] /i behemoth claw,1
[25/01/2013 04:38:21] /a 5
[25/01/2013 04:38:33] /a
[25/01/2013 04:38:36] /c niu~
[25/01/2013 04:39:28] /a
[25/01/2013 04:39:29] /a
[25/01/2013 04:39:29] /a
[25/01/2013 04:39:32] /c niu~
[25/01/2013 04:39:42] /a
[25/01/2013 04:39:44] /up
[25/01/2013 04:39:46] /m dmeon
[25/01/2013 04:39:50] /m demon
[25/01/2013 04:40:32] /c niu~
[25/01/2013 04:41:16] /attr set attack 100
[25/01/2013 04:41:18] /attr set attack 100
[25/01/2013 04:41:39] /attr set defense 200
[25/01/2013 04:45:12] /m demon
[25/01/2013 04:45:12] /m demon
[25/01/2013 04:45:12] /m demon
[25/01/2013 04:45:13] /m demon
[25/01/2013 04:45:13] /m demon
[25/01/2013 04:45:13] /m demon
[25/01/2013 04:45:14] /m demon
[25/01/2013 04:45:38] /m demon
[25/01/2013 04:45:39] /m demon
[25/01/2013 04:45:39] /m demon
[25/01/2013 04:45:39] /m demon
[25/01/2013 04:45:40] /m demon
[25/01/2013 04:45:40] /m demon
[25/01/2013 04:45:43] /m demon
[25/01/2013 04:45:43] /m demon
[27/01/2013 00:13:32] /r
[27/01/2013 00:13:39] /r
[27/01/2013 00:13:57] /r
[27/01/2013 00:13:59] /r
[27/01/2013 00:13:59] /r
[27/01/2013 00:14:00] /r
[27/01/2013 00:14:01] /r
[27/01/2013 00:14:02] /r
[27/01/2013 00:42:50] /i 6280
[27/01/2013 00:46:29] /m trainer monk
[27/01/2013 00:46:33] /m trainer monk
[27/01/2013 00:46:36] /n trainer
[27/01/2013 00:46:42] /m trainer
[27/01/2013 00:46:43] /m trainer
[27/01/2013 00:46:49] /m salvo
[27/01/2013 00:47:03] /m Alvo
[27/01/2013 00:47:05] /m Alvo
[27/01/2013 00:47:08] /m Alvo
[27/01/2013 00:47:19] /m Alvo
[27/01/2013 00:47:21] /a
[27/01/2013 00:47:23] /a
[27/01/2013 00:55:11] /r
[27/01/2013 00:55:13] /r
[27/01/2013 00:55:13] /r
[27/01/2013 00:55:15] /r
[27/01/2013 00:55:21] /m Badger
[27/01/2013 00:56:17] /m monk
[27/01/2013 00:56:49] /m alvo
[27/01/2013 01:01:03] /r
[27/01/2013 01:01:04] /r
[27/01/2013 01:01:04] /r
[27/01/2013 01:01:05] /r
[27/01/2013 01:01:07] /a 5
[27/01/2013 01:01:13] /c Sunnade'Audio<3'
[27/01/2013 01:01:21] /a
[27/01/2013 01:01:24] /up
[27/01/2013 01:01:26] /a
[27/01/2013 01:01:30] /a
[27/01/2013 01:01:31] /up
[27/01/2013 01:01:39] /a
[27/01/2013 03:11:48] /i 2554
[27/01/2013 03:11:56] /i 2120
[27/01/2013 03:12:02] /i 2160
[27/01/2013 03:12:17] /i 2643
[27/01/2013 03:12:26] /i 1988
[27/01/2013 03:12:50] /i 2175
[27/01/2013 03:12:56] /i 2190
[27/01/2013 03:13:07] /i 8819
[27/01/2013 03:13:14] /i 8820
[27/01/2013 03:13:19] /i 2468
[27/01/2013 03:13:28] /i blue legs
[27/01/2013 03:13:54] /i 2544
[27/01/2013 03:14:02] /i 2660
[27/01/2013 03:14:07] /i 2480
[27/01/2013 03:14:12] /i 8923
[27/01/2013 03:14:43] /i 2439
[27/01/2013 03:14:59] /i 8601
[27/01/2013 03:15:07] /i 2509
[27/01/2013 03:15:12] /i 8602
[27/01/2013 03:15:18] /i 2465
[27/01/2013 03:15:23] /i 2481
[27/01/2013 03:15:27] /i 2478
