[03/02/2012 18:31:11] /a 10
[03/02/2012 18:31:17] /a 5
[03/02/2012 18:31:26] /a
[03/02/2012 18:31:30] /a
[03/02/2012 18:31:53] /a 10
[03/02/2012 18:37:31] /m zugurosh
[03/02/2012 18:38:02] /c aramiiss
[03/02/2012 18:38:04] /c aramiiss
[03/02/2012 18:38:10] /c aramiiss
[03/02/2012 18:38:23] /c aramiiss
[03/02/2012 18:42:13] /save
[03/02/2012 18:42:38] /save
[03/02/2012 18:45:04] /send el hijo 348 thais
[03/02/2012 18:45:22] /send el hijo 348 edron
[03/02/2012 18:46:31] /clean
[03/02/2012 18:48:39] /down
[03/02/2012 18:48:41] /down
[03/02/2012 18:48:50] /up
[03/02/2012 18:48:53] /up
[03/02/2012 18:49:04] /c el hijo
[03/02/2012 18:49:32] /m morgaronth
[03/02/2012 18:50:00] /t
[03/02/2012 18:50:08] /c el hijo
[03/02/2012 18:53:59] /a
[03/02/2012 18:54:02] /a
[03/02/2012 18:54:06] /a
[03/02/2012 18:54:43] /a
[03/02/2012 18:54:46] /a
[03/02/2012 18:54:54] /a
[03/02/2012 18:55:27] /ghost
[03/02/2012 18:57:12] /i crystal coin
[03/02/2012 18:59:18] /i golden helmt
[03/02/2012 18:59:35] /i golden helmet
[03/02/2012 19:02:28] /clean
[03/02/2012 19:02:30] /clean
[03/02/2012 19:04:07] /goto vanariiss
[03/02/2012 19:04:35] /goto aramiiss
[03/02/2012 19:07:33] /ghost
[03/02/2012 19:07:41] /a 100
[03/02/2012 19:07:46] /a 100
[03/02/2012 19:08:12] /a 75
[03/02/2012 19:08:20] /a 75
[03/02/2012 19:08:31] /a 75
[03/02/2012 19:08:52] /a 10
[03/02/2012 19:09:05] /a 10
[03/02/2012 19:09:11] /a 10
[03/02/2012 19:09:15] /a 10
[03/02/2012 19:09:27] /a 1
[03/02/2012 19:09:31] /a 1
[03/02/2012 19:10:47] /a 1
[03/02/2012 19:10:49] /a 1
[03/02/2012 19:10:49] /a 1
[03/02/2012 19:10:50] /a 1
[03/02/2012 19:10:52] /a 1
[03/02/2012 19:11:07] /a 1
[03/02/2012 19:11:08] /a 1
[03/02/2012 19:11:09] /a 1
[03/02/2012 19:11:10] /a 1
[03/02/2012 19:11:12] /a 1
[03/02/2012 19:11:12] /a 1
[03/02/2012 19:11:13] /a 1
[03/02/2012 19:11:24] /a 100
[03/02/2012 19:11:28] /a 100
[03/02/2012 19:11:37] /a 75
[03/02/2012 19:11:43] /a 50
[03/02/2012 19:11:50] /a 50
[03/02/2012 19:16:12] /i time rangin
[03/02/2012 19:16:26] /i time ring
[03/02/2012 19:17:23] /a 5
[03/02/2012 19:17:32] /i time ring
[03/02/2012 19:17:33] /i time ring
[03/02/2012 19:23:38] /up
[03/02/2012 19:24:52] /clean
[03/02/2012 19:24:58] /clean
[03/02/2012 19:24:59] /clean
[03/02/2012 19:25:06] /up
[03/02/2012 19:25:08] /up
[03/02/2012 19:25:25] /i crystal
[03/02/2012 19:25:41] /a 10
[03/02/2012 19:26:15] /a 10
[03/02/2012 19:26:48] /a 10
[03/02/2012 19:26:57] /a 5
[03/02/2012 19:27:02] /down
[03/02/2012 19:27:53] /a 5
[03/02/2012 19:28:00] /a 5
[03/02/2012 19:28:04] /a 5
[03/02/2012 19:28:09] /a 5
[03/02/2012 19:28:17] /a 5
[03/02/2012 19:28:18] /a 5
[03/02/2012 19:28:40] /a
[03/02/2012 19:28:43] /down
[03/02/2012 19:28:45] /down
[03/02/2012 19:28:47] /down
[03/02/2012 19:28:48] /down
[03/02/2012 19:28:50] /down
[03/02/2012 19:28:55] /up
[03/02/2012 19:28:57] /up
[03/02/2012 19:28:58] /up
[03/02/2012 19:29:01] /down
[03/02/2012 19:30:33] /a
[03/02/2012 19:30:41] /a
[03/02/2012 19:30:43] /a
[03/02/2012 19:32:22] /up
[03/02/2012 19:32:24] /up
[03/02/2012 19:32:28] /up
[03/02/2012 19:32:34] /down
[03/02/2012 19:32:36] /down
[03/02/2012 19:34:29] /up
[03/02/2012 20:12:30] /t
[03/02/2012 20:13:41] /ghost
[03/02/2012 20:16:51] /a 10
[03/02/2012 20:17:39] /ghost
[03/02/2012 20:23:32] /a 5
[03/02/2012 20:24:11] /a 3
[03/02/2012 20:24:25] /up
[03/02/2012 20:24:38] /m demon
[04/02/2012 00:03:06] /a 2
[04/02/2012 00:04:27] /a 2
[04/02/2012 00:06:10] /a 8
[04/02/2012 00:06:32] /a 8
[04/02/2012 00:06:40] /up
[04/02/2012 00:06:51] /down
[04/02/2012 00:08:26] /ghost
[04/02/2012 00:08:59] /up
[04/02/2012 00:10:07] /ghost
[04/02/2012 00:10:32] /i door
[04/02/2012 00:10:47] /i close dor
[04/02/2012 00:10:51] /i close door
[04/02/2012 00:11:44] /i stone ledge
[04/02/2012 00:11:52] /r
[04/02/2012 00:14:10] /i Golden Boots
[04/02/2012 00:15:16] /i time ring
[04/02/2012 00:15:19] /i time ring
[04/02/2012 00:15:22] /i time ring
[04/02/2012 00:15:23] /i time ring
[04/02/2012 00:15:24] /i time ring
[04/02/2012 00:15:25] /i time ring
[04/02/2012 00:15:25] /i time ring
[04/02/2012 00:15:26] /i time ring
[04/02/2012 00:15:27] /i time ring
[04/02/2012 00:15:28] /i time ring
[04/02/2012 00:15:29] /i time ring
[04/02/2012 00:15:29] /i time ring
[04/02/2012 00:15:30] /i time ring
[04/02/2012 00:17:10] /i Lizard Backpack
[04/02/2012 00:17:30] /i Lizard Backpack
[04/02/2012 00:17:47] /i time ring
[04/02/2012 00:17:48] /i time ring
[04/02/2012 00:17:49] /i time ring
[04/02/2012 00:17:59] /i time ring
[04/02/2012 00:18:00] /i time ring
[04/02/2012 00:18:01] /i time ring
[04/02/2012 00:18:09] /i time ring
[04/02/2012 00:18:10] /i time ring
[04/02/2012 00:18:11] /i time ring
[04/02/2012 00:18:12] /i time ring
[04/02/2012 00:18:26] /i time ring
[04/02/2012 00:18:27] /i time ring
[04/02/2012 00:18:28] /i time ring
[04/02/2012 00:18:29] /i time ring
[04/02/2012 00:20:07] /i Backpack of Holding
[04/02/2012 00:21:24] /i Magic Plate Armor
[04/02/2012 00:22:03] /i Golden Helmet
[04/02/2012 00:22:12] /a 8
[04/02/2012 00:22:40] /a 8
[04/02/2012 00:22:54] /a 8
[04/02/2012 00:24:01] /i Golden Boots
[04/02/2012 00:25:48] /i Koshei's Ancient Amulet
[04/02/2012 00:26:55] /i Blessed Shield
[04/02/2012 00:29:52] /i Emerald Sword
[04/02/2012 00:30:06] /i ice rapier
[04/02/2012 00:31:15] /i Dragon Scale Legs
[04/02/2012 00:35:39] /i mana potion
[04/02/2012 00:35:44] /i Health Potion
[04/02/2012 00:37:35] /i Sneaky Stabber of Eliteness
[04/02/2012 00:37:43] /i Sneaky Stabber of Eliteness
[04/02/2012 00:39:03] /i crystal coin
[04/02/2012 00:39:04] /i crystal coin
[04/02/2012 00:39:05] /i crystal coin
[04/02/2012 00:39:05] /i crystal coin
[04/02/2012 00:39:06] /i crystal coin
[04/02/2012 00:39:07] /i crystal coin
[04/02/2012 00:39:07] /i crystal coin
[04/02/2012 00:39:08] /i crystal coin
[04/02/2012 00:39:09] /i crystal coin
[04/02/2012 00:39:09] /i crystal coin
[04/02/2012 00:39:10] /i crystal coin
[04/02/2012 00:39:10] /i crystal coin
[04/02/2012 00:39:11] /i crystal coin
[04/02/2012 00:39:12] /i crystal coin
[04/02/2012 00:39:12] /i crystal coin
[04/02/2012 00:39:13] /i crystal coin
[04/02/2012 00:39:14] /i crystal coin
[04/02/2012 00:39:15] /i crystal coin
[04/02/2012 00:39:15] /i crystal coin
[04/02/2012 00:39:17] /i crystal coin
[04/02/2012 00:39:28] /i crystal coin
[04/02/2012 00:40:31] /i Whacking Driller of Fate
[04/02/2012 00:43:14] /i Frozen Starlight
[04/02/2012 00:43:26] /i Frozen Starlight
[04/02/2012 00:43:30] /i Frozen Starlight
[04/02/2012 00:43:35] /i Frozen Starlight
[04/02/2012 00:43:51] /i Shimmer Glower
[04/02/2012 00:44:07] /i Shimmer Glower
[04/02/2012 00:44:13] /i Shimmer Glower
[04/02/2012 00:44:17] /i Frozen Starlight
[04/02/2012 00:44:17] /i Frozen Starlight
[04/02/2012 00:44:18] /i Frozen Starlight
[04/02/2012 00:44:19] /i Frozen Starlight
[04/02/2012 00:44:25] /i Frozen Starlight
[04/02/2012 00:45:02] /i Frozen Starlight
[04/02/2012 00:46:13] /a 8
[04/02/2012 00:46:50] /a 3
[04/02/2012 00:47:07] /up
[04/02/2012 00:47:45] /down
[04/02/2012 00:47:56] /up
[04/02/2012 00:48:10] /down
[04/02/2012 00:49:12] /a 4
[04/02/2012 00:50:01] /up
[04/02/2012 00:54:15] /down
[04/02/2012 00:55:21] /i trough
[04/02/2012 00:55:27] /i trough
[04/02/2012 00:55:40] /a 1
[04/02/2012 00:57:18] /kick varuun
[04/02/2012 00:57:56] /r
[04/02/2012 00:57:59] /r
[04/02/2012 00:58:03] /r
[04/02/2012 00:58:09] /r
[04/02/2012 00:58:11] /r
[04/02/2012 00:58:20] /kick varuun
[04/02/2012 00:58:24] /i trough
[04/02/2012 00:58:43] /i trough
[04/02/2012 00:58:46] /i trough
[04/02/2012 00:58:49] /i trough
[04/02/2012 00:59:12] /down
[04/02/2012 00:59:52] /r
[04/02/2012 01:00:23] /i framework wall
[04/02/2012 01:00:40] /r
[04/02/2012 01:00:46] /r
[04/02/2012 01:00:50] /r
[04/02/2012 01:02:57] /i Banana Skin	Banana Skin
[04/02/2012 01:03:16] /i Banana Skin
[04/02/2012 01:03:18] /i Banana Skin
[04/02/2012 01:03:19] /i Banana Skin
[04/02/2012 01:03:19] /i Banana Skin
[04/02/2012 01:03:20] /i Banana Skin
[04/02/2012 01:03:21] /i Banana Skin
[04/02/2012 01:03:21] /i Banana Skin
[04/02/2012 01:03:22] /i Banana Skin
[04/02/2012 01:03:23] /i Banana Skin
[04/02/2012 01:03:23] /i Banana Skin
[04/02/2012 01:03:24] /i Banana Skin
[04/02/2012 01:03:24] /i Banana Skin
[04/02/2012 01:03:25] /i Banana Skin
[04/02/2012 01:03:26] /i Banana Skin
[04/02/2012 01:03:26] /i Banana Skin
[04/02/2012 01:03:27] /i Banana Skin
[04/02/2012 01:03:28] /i Banana Skin
[04/02/2012 01:03:28] /i Banana Skin
[04/02/2012 01:03:29] /i Banana Skin
[04/02/2012 01:03:30] /i Banana Skin
[04/02/2012 01:03:30] /i Banana Skin
[04/02/2012 01:03:31] /i Banana Skin
[04/02/2012 01:03:32] /i Banana Skin
[04/02/2012 01:03:32] /i Banana Skin
[04/02/2012 01:03:33] /i Banana Skin
[04/02/2012 01:03:34] /i Banana Skin
[04/02/2012 01:03:34] /i Banana Skin
[04/02/2012 01:03:35] /i Banana Skin
[04/02/2012 01:03:36] /i Banana Skin
[04/02/2012 01:03:36] /i Banana Skin
[04/02/2012 01:03:37] /i Banana Skin
[04/02/2012 01:03:38] /i Banana Skin
[04/02/2012 01:03:39] /i Banana Skin
[04/02/2012 01:03:40] /i Banana Skin
[04/02/2012 01:03:40] /i Banana Skin
[04/02/2012 01:03:41] /i Banana Skin
[04/02/2012 01:03:42] /i Banana Skin
[04/02/2012 01:03:42] /i Banana Skin
[04/02/2012 01:03:43] /i Banana Skin
[04/02/2012 01:03:44] /i Banana Skin
[04/02/2012 01:03:44] /i Banana Skin
[04/02/2012 01:03:45] /i Banana Skin
[04/02/2012 01:03:46] /i Banana Skin
[04/02/2012 01:03:46] /i Banana Skin
[04/02/2012 01:03:47] /i Banana Skin
[04/02/2012 01:03:47] /i Banana Skin
[04/02/2012 01:03:48] /i Banana Skin
[04/02/2012 01:03:49] /i Banana Skin
[04/02/2012 01:03:50] /i Banana Skin
[04/02/2012 01:03:50] /i Banana Skin
[04/02/2012 01:03:51] /i Banana Skin
[04/02/2012 01:03:52] /i Banana Skin
[04/02/2012 01:03:53] /i Banana Skin
[04/02/2012 01:03:53] /i Banana Skin
[04/02/2012 01:03:54] /i Banana Skin
[04/02/2012 01:03:56] /i Banana Skin
[04/02/2012 01:03:57] /i Banana Skin
[04/02/2012 01:03:58] /i Banana Skin
[04/02/2012 01:03:58] /i Banana Skin
[04/02/2012 01:03:59] /i Banana Skin
[04/02/2012 01:03:59] /i Banana Skin
[04/02/2012 01:04:00] /i Banana Skin
[04/02/2012 01:04:01] /i Banana Skin
[04/02/2012 01:04:01] /i Banana Skin
[04/02/2012 01:04:02] /i Banana Skin
[04/02/2012 01:04:03] /i Banana Skin
[04/02/2012 01:04:03] /i Banana Skin
[04/02/2012 01:04:04] /i Banana Skin
[04/02/2012 01:04:05] /i Banana Skin
[04/02/2012 01:04:06] /i Banana Skin
[04/02/2012 01:04:06] /i Banana Skin
[04/02/2012 01:04:07] /i Banana Skin
[04/02/2012 01:04:08] /i Banana Skin
[04/02/2012 01:04:08] /i Banana Skin
[04/02/2012 01:04:09] /i Banana Skin
[04/02/2012 01:04:10] /i Banana Skin
[04/02/2012 01:04:10] /i Banana Skin
[04/02/2012 01:04:12] /i Banana Skin
[04/02/2012 01:04:15] /i Banana Skin
[04/02/2012 01:04:15] /i Banana Skin
[04/02/2012 01:04:16] /i Banana Skin
[04/02/2012 01:04:17] /i Banana Skin
[04/02/2012 01:04:18] /i Banana Skin
[04/02/2012 01:04:19] /i Banana Skin
[04/02/2012 01:04:19] /i Banana Skin
[04/02/2012 01:04:20] /i Banana Skin
[04/02/2012 01:04:20] /i Banana Skin
[04/02/2012 01:04:21] /i Banana Skin
[04/02/2012 01:04:22] /i Banana Skin
[04/02/2012 01:04:24] /i Banana Skin
[04/02/2012 01:04:25] /i Banana Skin
[04/02/2012 01:04:25] /i Banana Skin
[04/02/2012 01:04:26] /i Banana Skin
[04/02/2012 01:04:27] /i Banana Skin
[04/02/2012 01:04:27] /i Banana Skin
[04/02/2012 01:04:28] /i Banana Skin
[04/02/2012 01:04:29] /i Banana Skin
[04/02/2012 01:04:29] /i Banana Skin
[04/02/2012 01:04:30] /i Banana Skin
[04/02/2012 01:04:31] /i Banana Skin
[04/02/2012 01:04:32] /i Banana Skin
[04/02/2012 01:04:33] /i Banana Skin
[04/02/2012 01:04:33] /i Banana Skin
[04/02/2012 01:04:34] /i Banana Skin
[04/02/2012 01:04:35] /i Banana Skin
[04/02/2012 01:04:35] /i Banana Skin
[04/02/2012 01:04:36] /i Banana Skin
[04/02/2012 01:04:37] /i Banana Skin
[04/02/2012 01:04:38] /i Banana Skin
[04/02/2012 01:04:41] /i Banana Skin
[04/02/2012 01:04:42] /i Banana Skin
[04/02/2012 01:04:42] /i Banana Skin
[04/02/2012 01:04:43] /i Banana Skin
[04/02/2012 01:04:44] /i Banana Skin
[04/02/2012 01:04:44] /i Banana Skin
[04/02/2012 01:04:45] /i Banana Skin
[04/02/2012 01:23:47] /down
[04/02/2012 01:25:23] /i Serpent Sword
[04/02/2012 01:25:34] /a 8
[04/02/2012 01:25:50] /up
[04/02/2012 01:26:39] /down
[04/02/2012 01:26:42] /down
[04/02/2012 01:27:17] /t
[04/02/2012 01:27:28] /down
[04/02/2012 01:27:29] /down
[04/02/2012 01:27:35] /up
[04/02/2012 01:27:39] /up
[04/02/2012 01:27:44] /down
[04/02/2012 01:27:50] /a 8
[04/02/2012 01:28:01] /m cyclops
[04/02/2012 01:28:03] /m cyclops
[04/02/2012 01:28:04] /m cyclops
[04/02/2012 01:28:10] /m cyclops
[04/02/2012 01:28:10] /m cyclops
[04/02/2012 01:28:11] /m cyclops
[04/02/2012 01:28:21] /m cyclops
[04/02/2012 01:28:23] /m cyclops
[04/02/2012 01:28:24] /m cyclops
[04/02/2012 01:28:30] /m cyclops
[04/02/2012 01:28:31] /m cyclops
[04/02/2012 01:28:31] /m cyclops
[04/02/2012 01:28:32] /m cyclops
[04/02/2012 01:28:43] /a
[04/02/2012 01:28:48] /m cyclops
[04/02/2012 01:28:49] /m cyclops
[04/02/2012 01:28:51] /m cyclops
[04/02/2012 01:28:52] /m cyclops
[04/02/2012 01:28:53] /m cyclops
[04/02/2012 01:28:57] /m cyclops
[04/02/2012 01:28:58] /m cyclops
[04/02/2012 01:29:02] /a
[04/02/2012 01:29:07] /m cyclops
[04/02/2012 01:29:08] /m cyclops
[04/02/2012 01:29:09] /m cyclops
[04/02/2012 01:29:10] /m cyclops
[04/02/2012 01:29:11] /m cyclops
[04/02/2012 01:29:21] /a
[04/02/2012 01:29:23] /a
[04/02/2012 01:29:23] /a
[04/02/2012 01:29:26] /m cyclops
[04/02/2012 01:29:27] /m cyclops
[04/02/2012 01:29:28] /m cyclops
[04/02/2012 01:29:29] /m cyclops
[04/02/2012 01:29:29] /m cyclops
[04/02/2012 01:29:30] /m cyclops
[04/02/2012 01:29:31] /m cyclops
[04/02/2012 01:29:32] /m cyclops
[04/02/2012 01:29:38] /a
[04/02/2012 01:29:40] /a
[04/02/2012 01:29:48] /a 8
[04/02/2012 01:29:56] /up
[04/02/2012 01:30:15] /goto el rojo davil
[04/02/2012 01:30:21] /goto el rojo davila
[04/02/2012 01:30:37] /t
[04/02/2012 01:30:54] /c el rojo davila
[04/02/2012 01:31:23] /kick el rojo davila
[04/02/2012 01:42:58] /t
[04/02/2012 01:43:16] /ghost
[04/02/2012 01:43:35] /kick primo here
[04/02/2012 01:43:56] /kick sniper
[04/02/2012 01:44:12] /kick bubble
[04/02/2012 01:44:44] /kick renatha
[04/02/2012 01:45:18] /kick spartan'warrior
[04/02/2012 01:45:28] /kick lord loko
[04/02/2012 01:46:47] /kick el rojo davila
[04/02/2012 01:47:58] /kick ethernal knight
[04/02/2012 01:48:04] /t
[04/02/2012 01:48:09] /ghost
[04/02/2012 01:48:28] /down
[04/02/2012 01:48:33] /up
[04/02/2012 01:48:35] /down
[04/02/2012 01:48:50] /up
[04/02/2012 01:59:23] /ghost
[04/02/2012 01:59:31] /goto healg
[04/02/2012 01:59:44] /clean
[04/02/2012 01:59:47] /clean
[04/02/2012 01:59:55] /m Cyclops Drone
[04/02/2012 01:59:56] /m Cyclops Drone
[04/02/2012 01:59:57] /m Cyclops Drone
[04/02/2012 01:59:57] /m Cyclops Drone
[04/02/2012 01:59:58] /m Cyclops Drone
[04/02/2012 01:59:59] /clean
[04/02/2012 02:00:00] /clean
[04/02/2012 02:00:02] /m Cyclops Drone
[04/02/2012 02:00:02] /m Cyclops Drone
[04/02/2012 02:00:03] /m Cyclops Drone
[04/02/2012 02:00:04] /m Cyclops Drone
[04/02/2012 02:00:04] /m Cyclops Drone
[04/02/2012 02:00:05] /m Cyclops Drone
[04/02/2012 02:00:17] /m Cyclops Drone
[04/02/2012 02:00:19] /m Cyclops Drone
[04/02/2012 02:00:20] /m Cyclops Drone
[04/02/2012 02:00:22] /m Cyclops Drone
[04/02/2012 02:00:24] /a
[04/02/2012 02:00:27] /m Cyclops Drone
[04/02/2012 02:00:28] /m Cyclops Drone
[04/02/2012 02:00:29] /m Cyclops Drone
[04/02/2012 02:00:29] /m Cyclops Drone
[04/02/2012 02:00:33] /a
[04/02/2012 02:00:36] /m Cyclops Drone
[04/02/2012 02:00:36] /m Cyclops Drone
[04/02/2012 02:00:37] /m Cyclops Drone
[04/02/2012 02:00:38] /m Cyclops Drone
[04/02/2012 02:00:44] /a
[04/02/2012 02:00:46] /m Cyclops Drone
[04/02/2012 02:00:47] /m Cyclops Drone
[04/02/2012 02:00:48] /m Cyclops Drone
[04/02/2012 02:00:49] /m Cyclops Drone
[04/02/2012 02:00:49] /m Cyclops Drone
[04/02/2012 02:00:50] /m Cyclops Drone
[04/02/2012 02:00:52] /a
[04/02/2012 02:00:55] /a
[04/02/2012 02:00:57] /a
[04/02/2012 02:01:01] /m Cyclops Drone
[04/02/2012 02:01:02] /m Cyclops Drone
[04/02/2012 02:01:02] /m Cyclops Drone
[04/02/2012 02:01:03] /m Cyclops Drone
[04/02/2012 02:01:04] /m Cyclops Drone
[04/02/2012 02:01:06] /a
[04/02/2012 02:01:08] /m Cyclops Drone
[04/02/2012 02:01:09] /m Cyclops Drone
[04/02/2012 02:01:09] /m Cyclops Drone
[04/02/2012 02:01:10] /m Cyclops Drone
[04/02/2012 02:01:13] /m Cyclops Drone
[04/02/2012 02:01:14] /a
[04/02/2012 02:01:16] /m Cyclops Drone
[04/02/2012 02:01:17] /m Cyclops Drone
[04/02/2012 02:01:17] /m Cyclops Drone
[04/02/2012 02:01:19] /m Cyclops Drone
[04/02/2012 02:01:19] /m Cyclops Drone
[04/02/2012 02:01:23] /a
[04/02/2012 02:01:25] /m Cyclops Drone
[04/02/2012 02:01:26] /m Cyclops Drone
[04/02/2012 02:01:27] /m Cyclops Drone
[04/02/2012 02:01:30] /a
[04/02/2012 02:01:34] /m Cyclops Drone
[04/02/2012 02:01:35] /m Cyclops Drone
[04/02/2012 02:01:36] /m Cyclops Drone
[04/02/2012 02:01:37] /m Cyclops Drone
[04/02/2012 02:01:39] /m Cyclops Drone
[04/02/2012 02:01:40] /m Cyclops Drone
[04/02/2012 02:01:45] /a
[04/02/2012 02:01:51] /a
[04/02/2012 02:01:56] /m Cyclops Drone
[04/02/2012 02:01:56] /m Cyclops Drone
[04/02/2012 02:01:57] /m Cyclops Drone
[04/02/2012 02:02:02] /up
[04/02/2012 02:02:38] /up
[04/02/2012 02:02:49] /ghost
[04/02/2012 03:15:41] /c ryan
[04/02/2012 03:15:54] /m morgaroth
[04/02/2012 03:15:56] /c ryan
[04/02/2012 03:16:02] /m morgaroth
[04/02/2012 03:17:03] /clean
[04/02/2012 03:18:14] /c ryan
[04/02/2012 03:18:18] /c ryan
[04/02/2012 03:18:20] /c ryan
[04/02/2012 03:18:22] /c ryan
[04/02/2012 03:18:24] /c ryan
[04/02/2012 03:18:27] /c ryan
[04/02/2012 03:18:29] /c ryan
[04/02/2012 03:19:10] /m morgaroth
[04/02/2012 03:19:11] /m morgaroth
[04/02/2012 03:19:11] /m morgaroth
[04/02/2012 03:19:39] /r
[04/02/2012 03:19:49] /clean
[04/02/2012 03:19:54] /r
[04/02/2012 03:20:00] /r
[04/02/2012 03:23:22] /clean
[04/02/2012 03:23:31] /r
[04/02/2012 03:23:35] /r
[04/02/2012 03:23:38] /r
[04/02/2012 03:23:41] /r
[04/02/2012 03:23:45] /r
[04/02/2012 03:23:50] /r
[04/02/2012 03:24:06] /r
[04/02/2012 03:24:15] /r
[04/02/2012 03:25:14] /goto sir dead
[04/02/2012 03:26:53] /goto sir dead
[04/02/2012 03:27:46] /m morgaroth
[04/02/2012 03:27:54] /m morgaroth
[04/02/2012 03:29:10] /goto sir dead
[04/02/2012 03:29:53] /goto sir dead
[04/02/2012 03:29:55] /goto sir dead
[04/02/2012 03:29:58] /goto sir dead
[04/02/2012 03:30:04] /goto sir dead
[04/02/2012 03:30:51] /goto sir dead
[04/02/2012 03:31:05] /goto sir dead
[04/02/2012 03:31:19] /clean
[04/02/2012 03:32:36] /up
[04/02/2012 03:32:43] /clean
[04/02/2012 03:33:16] /a 6
[04/02/2012 03:33:22] /a 6
[04/02/2012 03:33:25] /a 6
[04/02/2012 03:33:29] /a 
[04/02/2012 03:33:39] /a 
[04/02/2012 03:33:44] /a 
[04/02/2012 03:33:48] /a 
[04/02/2012 03:33:58] /a 
[04/02/2012 03:34:02] /a 
[04/02/2012 03:34:04] /a 
[04/02/2012 03:34:23] /down
[04/02/2012 03:34:27] /down
[04/02/2012 03:34:28] /down
[04/02/2012 03:34:32] /a 
[04/02/2012 03:34:43] /goto el hijito
[04/02/2012 03:36:08] /goto sir dead
[04/02/2012 03:36:26] /goto sir dead
[04/02/2012 03:36:57] /a 
[04/02/2012 03:37:33] /a 
[04/02/2012 03:38:21] /a 100
[04/02/2012 03:38:28] /a 100
[04/02/2012 03:38:48] /a 200
[04/02/2012 03:39:13] /up
[04/02/2012 03:39:32] /a 5
[04/02/2012 03:41:05] /a 500
[04/02/2012 03:41:12] /a 450
[04/02/2012 03:41:24] /a
[04/02/2012 03:41:26] /a
[04/02/2012 03:41:26] /a
[04/02/2012 03:41:27] /a
[04/02/2012 03:41:28] /a
[04/02/2012 03:41:28] /a
[04/02/2012 03:41:29] /a
[04/02/2012 03:41:30] /a
[04/02/2012 03:41:30] /a
[04/02/2012 03:41:31] /a
[04/02/2012 03:41:32] /a
[04/02/2012 03:41:32] /a
[04/02/2012 03:41:33] /a
[04/02/2012 03:41:34] /a
[04/02/2012 03:41:34] /a
[04/02/2012 03:41:35] /a
[04/02/2012 03:41:41] /a
[04/02/2012 03:41:44] /a
[04/02/2012 03:41:44] /a
[04/02/2012 03:41:45] /a
[04/02/2012 03:41:46] /a
[04/02/2012 03:41:46] /a
[04/02/2012 03:41:47] /a
[04/02/2012 03:41:48] /a
[04/02/2012 03:41:49] /a
[04/02/2012 03:41:49] /a
[04/02/2012 03:41:50] /a
[04/02/2012 03:41:50] /a
[04/02/2012 03:41:51] /a
[04/02/2012 03:41:52] /a
[04/02/2012 03:41:52] /a
[04/02/2012 03:41:53] /a
[04/02/2012 03:41:54] /a
[04/02/2012 03:41:54] /a
[04/02/2012 03:41:55] /a
[04/02/2012 03:41:57] /a
[04/02/2012 03:41:59] /a
[04/02/2012 03:42:00] /a
[04/02/2012 03:42:01] /a
[04/02/2012 03:42:07] /a
[04/02/2012 03:42:08] /a
[04/02/2012 03:42:09] /a
[04/02/2012 03:42:09] /a
[04/02/2012 03:42:10] /a
[04/02/2012 03:42:10] /a
[04/02/2012 03:42:11] /a
[04/02/2012 03:42:12] /a
[04/02/2012 03:42:12] /a
[04/02/2012 03:42:13] /a
[04/02/2012 03:42:14] /a
[04/02/2012 03:42:15] /a
[04/02/2012 03:42:15] /a
[04/02/2012 03:42:16] /a
[04/02/2012 03:42:17] /a
[04/02/2012 03:42:19] /a
[04/02/2012 03:42:20] /a
[04/02/2012 03:42:20] /a
[04/02/2012 03:42:21] /a
[04/02/2012 03:42:22] /a
[04/02/2012 03:42:23] /a
[04/02/2012 03:42:24] /a
[04/02/2012 03:42:25] /a
[04/02/2012 03:42:25] /a
[04/02/2012 03:42:26] /a
[04/02/2012 03:42:27] /a
[04/02/2012 03:42:28] /a
[04/02/2012 03:42:29] /a
[04/02/2012 03:42:30] /a
[04/02/2012 03:42:33] /a
[04/02/2012 03:42:34] /a
[04/02/2012 03:42:35] /a
[04/02/2012 03:42:35] /a
[04/02/2012 03:42:36] /a
[04/02/2012 03:42:37] /a
[04/02/2012 03:42:37] /a
[04/02/2012 03:42:38] /a
[04/02/2012 03:42:39] /a
[04/02/2012 03:42:40] /a
[04/02/2012 03:42:41] /a
[04/02/2012 03:42:42] /a
[04/02/2012 03:42:42] /a
[04/02/2012 03:42:43] /a
[04/02/2012 03:42:44] /a
[04/02/2012 03:42:45] /a
[04/02/2012 03:42:46] /a
[04/02/2012 03:42:47] /a
[04/02/2012 03:42:48] /a
[04/02/2012 03:42:50] /a
[04/02/2012 03:42:51] /a
[04/02/2012 03:42:52] /a
[04/02/2012 03:42:53] /a
[04/02/2012 03:42:53] /a
[04/02/2012 03:42:54] /a
[04/02/2012 03:44:09] /a 100
[04/02/2012 03:44:23] /a 100
[04/02/2012 03:46:08] /i boots of haste
[04/02/2012 03:47:18] /a
[04/02/2012 03:47:40] /a
[04/02/2012 03:47:56] /a
[04/02/2012 03:48:16] /a
[04/02/2012 03:53:48] /goto sir dead
[04/02/2012 03:54:18] /a
[04/02/2012 03:54:23] /a
[04/02/2012 03:54:24] /a
[04/02/2012 03:54:25] /a
[04/02/2012 03:54:27] /a
[04/02/2012 03:54:33] /goto sir dead
[04/02/2012 03:55:06] /goto sir dead
[04/02/2012 03:56:04] /goto sir dead
[04/02/2012 03:56:16] /goto sir dead
[04/02/2012 03:56:20] /goto sir dead
[04/02/2012 03:56:22] /goto sir dead
[04/02/2012 03:56:25] /goto sir dead
[04/02/2012 03:56:29] /goto sir dead
[04/02/2012 03:56:33] /goto sir dead
[04/02/2012 05:12:38] /i alvo
[04/02/2012 05:13:38] /a
[04/02/2012 05:13:42] /a
[04/02/2012 05:13:45] /a
[04/02/2012 05:13:48] /a
[04/02/2012 05:13:50] /a
[04/02/2012 05:13:51] /a
[04/02/2012 05:13:55] /a
[04/02/2012 05:13:59] /a
[04/02/2012 05:14:05] /a
[04/02/2012 05:14:08] /a
[04/02/2012 05:15:59] /t
[04/02/2012 05:16:15] /a
[04/02/2012 05:16:25] /up
[04/02/2012 05:25:02] /a
[04/02/2012 05:25:08] /save
[04/02/2012 05:25:14] /save
[04/02/2012 05:25:41] /owner
[04/02/2012 05:25:59] /owner carlos belmonte
[04/02/2012 15:29:58] /a
[04/02/2012 15:29:59] /a
[04/02/2012 15:30:00] /a
[04/02/2012 15:30:21] /m Zugurosh
[04/02/2012 15:30:22] /m Zugurosh
[04/02/2012 15:30:23] /m Zugurosh
[04/02/2012 15:30:24] /m Zugurosh
[04/02/2012 15:31:17] /r
[04/02/2012 15:31:45] /r
[04/02/2012 15:31:55] /r
[04/02/2012 15:33:07] /goto wiz kalifaz
[04/02/2012 15:34:01] /goto wiz khalifa
[04/02/2012 15:34:46] /r
[04/02/2012 15:34:53] /up
[04/02/2012 15:35:24] /down
[04/02/2012 15:36:01] /r
[04/02/2012 15:36:37] /owner el hijito
[04/02/2012 15:36:53] /owner
[04/02/2012 15:36:59] /owner el hijito
[04/02/2012 15:37:32] /owner
[04/02/2012 15:37:44] /owner el hijito
[04/02/2012 15:38:47] /ghost
[04/02/2012 15:39:13] /kick mago
[04/02/2012 15:40:04] /kick pipo
[04/02/2012 15:40:35] /kick pyro
[04/02/2012 15:42:01] /kick el rojo davila
[04/02/2012 16:22:24] /ghost
[04/02/2012 16:22:45] /kick loco
[04/02/2012 16:23:16] /kick miss karoline
[04/02/2012 16:23:44] /clean
[04/02/2012 16:24:55] /owner
[04/02/2012 16:25:08] /owner el hijo
[04/02/2012 16:25:39] /a
[04/02/2012 16:25:40] /a
[04/02/2012 16:25:42] /a
[04/02/2012 16:26:06] /a
[04/02/2012 16:26:16] /a
[04/02/2012 16:29:00] /t
[04/02/2012 16:29:52] /a
[04/02/2012 16:29:54] /a
[04/02/2012 16:29:55] /a
[04/02/2012 16:29:57] /a
[04/02/2012 16:29:58] /a
[04/02/2012 16:30:00] /a
[04/02/2012 16:30:01] /a
[04/02/2012 16:30:29] /owner carlos belmonte
[04/02/2012 16:31:35] /a
[04/02/2012 16:31:38] /a
[04/02/2012 16:31:54] /a
[04/02/2012 16:31:55] /a
[04/02/2012 16:31:55] /a
[04/02/2012 16:31:56] /a
[04/02/2012 16:31:57] /a
[04/02/2012 16:32:00] /a
[04/02/2012 16:32:02] /a
[04/02/2012 16:32:04] /a
[04/02/2012 16:32:08] /a
[04/02/2012 16:32:09] /a
[04/02/2012 16:32:10] /a
[04/02/2012 16:34:22] /a
[04/02/2012 16:34:42] /m dog
[04/02/2012 16:34:45] /m dog
[04/02/2012 16:34:46] /m dog
[04/02/2012 16:34:47] /m dog
[04/02/2012 16:34:47] /m dog
[04/02/2012 16:34:48] /m dog
[04/02/2012 16:34:49] /m dog
[04/02/2012 16:34:50] /m dog
[04/02/2012 16:34:50] /m dog
[04/02/2012 16:34:51] /m dog
[04/02/2012 16:34:52] /m dog
[04/02/2012 16:34:55] /a
[04/02/2012 16:34:59] /m dog
[04/02/2012 16:35:00] /m dog
[04/02/2012 16:35:00] /m dog
[04/02/2012 16:35:01] /m dog
[04/02/2012 16:35:02] /m dog
[04/02/2012 16:35:03] /m dog
[04/02/2012 16:35:03] /m dog
[04/02/2012 16:35:04] /m dog
[04/02/2012 16:35:05] /m dog
[04/02/2012 16:35:06] /m dog
[04/02/2012 16:35:09] /a
[04/02/2012 16:35:15] /m dog
[04/02/2012 16:35:15] /m dog
[04/02/2012 16:35:16] /m dog
[04/02/2012 16:35:17] /m dog
[04/02/2012 16:35:17] /m dog
[04/02/2012 16:35:18] /m dog
[04/02/2012 16:35:19] /m dog
[04/02/2012 16:35:20] /m dog
[04/02/2012 16:35:23] /m dog
[04/02/2012 16:35:24] /a
[04/02/2012 16:35:27] /a
[04/02/2012 16:35:40] /m dog
[04/02/2012 16:35:40] /m dog
[04/02/2012 16:35:41] /m dog
[04/02/2012 16:35:42] /m dog
[04/02/2012 16:35:43] /m dog
[04/02/2012 16:35:50] /a
[04/02/2012 16:36:25] /up
[04/02/2012 16:36:31] /up
[04/02/2012 16:36:35] /up
[04/02/2012 16:36:43] /up
[04/02/2012 16:36:47] /up
[04/02/2012 16:36:52] /up
[04/02/2012 16:37:02] /up
[04/02/2012 16:37:04] /up
[04/02/2012 16:37:18] /a
[04/02/2012 16:37:21] /up
[04/02/2012 16:37:23] /up
[04/02/2012 16:37:47] /a
[04/02/2012 16:38:11] /down
[04/02/2012 16:38:13] /down
[04/02/2012 16:38:14] /down
[04/02/2012 18:18:29] /goto roach
[04/02/2012 18:19:21] /up
[04/02/2012 18:19:57] /clean
[04/02/2012 18:21:07] /a
[04/02/2012 18:25:38] /c roach
[04/02/2012 18:49:21] /c el rojo davila
[04/02/2012 18:49:32] /ghost
[04/02/2012 18:50:04] /i crown legs
[04/02/2012 18:50:39] /i ferumbras
[04/02/2012 18:52:23] /i Batwing Hat
[04/02/2012 18:52:46] /i Witch Hat
[04/02/2012 18:54:08] /i Ferumbras' Hat
[04/02/2012 18:55:07] /t
[04/02/2012 18:55:19] /c el rojo davila
[04/02/2012 18:55:28] /ghost
[04/02/2012 18:55:38] /c el rojo davila
[04/02/2012 18:56:08] /goto el rojo davila
[04/02/2012 18:57:16] /ghost
[04/02/2012 18:59:00] /save
[04/02/2012 19:00:05] /goto el rojo davila
[04/02/2012 19:03:51] /ghost
[04/02/2012 19:04:05] /ghost
[04/02/2012 19:05:09] /c el rojo davila
[04/02/2012 19:05:17] /c el rojo davila
[04/02/2012 19:05:35] /c el rojo davila
[04/02/2012 19:06:48] /owner
[04/02/2012 19:07:05] /owner el hijo
[04/02/2012 19:08:21] /m demon
[04/02/2012 19:09:06] /clean
[04/02/2012 19:09:33] /m demon
[04/02/2012 19:10:08] /m demon
[04/02/2012 19:10:21] /ghost
[04/02/2012 19:10:26] /clean
[04/02/2012 19:10:44] /clean
[04/02/2012 19:12:26] /m demon
[04/02/2012 19:12:27] /m demon
[04/02/2012 19:13:00] /m demon
[04/02/2012 19:13:25] /m demon
[04/02/2012 19:13:55] /m demon
[04/02/2012 19:14:27] /m demon
[04/02/2012 19:15:00] /m demon
[04/02/2012 19:15:27] /clean
[04/02/2012 19:15:57] /m grim reaper
[04/02/2012 19:16:29] /m The Mutated Pumpkin 
[04/02/2012 19:16:36] /m The Mutated Pumpkin 
[04/02/2012 19:16:38] /m The Mutated Pumpkin 
[04/02/2012 19:16:42] /m The Mutated Pumpkin 
[04/02/2012 19:17:02] /m  mutated pumpkin 
[04/02/2012 19:17:09] /m the  mutated pumpkin 
[04/02/2012 19:17:13] /m grim reaper
[04/02/2012 19:17:32] /m grim reaper
[04/02/2012 19:17:56] /m grim reaper
[04/02/2012 19:18:38] /m ferumbras
[04/02/2012 19:20:07] /c el rojo davila
[04/02/2012 19:20:17] /i crystal
[04/02/2012 19:20:19] /i crystal
[04/02/2012 19:20:24] /i crystal
[04/02/2012 19:20:27] /i crystal
[04/02/2012 19:20:32] /i crystal
[04/02/2012 19:20:35] /i crystal
[04/02/2012 19:20:37] /i crystal
[04/02/2012 19:20:53] /i crystal
[04/02/2012 19:20:58] /m ferumbras
[04/02/2012 19:21:19] /r
[04/02/2012 19:21:26] /r
[04/02/2012 19:22:27] /m ferumbras
[04/02/2012 19:22:52] /clean
[04/02/2012 19:27:28] /clean
[04/02/2012 19:27:36] /r
[04/02/2012 19:27:59] /r
[04/02/2012 19:28:08] /r
[04/02/2012 19:28:12] /r
[04/02/2012 19:28:16] /r
[04/02/2012 19:28:18] /r
[04/02/2012 19:28:23] /r
[04/02/2012 19:28:26] /r
[04/02/2012 19:28:28] /r
[04/02/2012 19:28:29] /r
[04/02/2012 19:28:32] /r
[04/02/2012 19:28:34] /r
[04/02/2012 19:28:37] /r
[04/02/2012 19:28:43] /r
[04/02/2012 19:28:45] /r
[04/02/2012 19:28:47] /r
[04/02/2012 19:28:50] /r
[04/02/2012 19:28:54] /r
[04/02/2012 19:29:03] /r
[04/02/2012 19:29:07] /r
[04/02/2012 19:29:09] /r
[04/02/2012 19:29:13] /r
[04/02/2012 19:30:23] /m hellgorak
[04/02/2012 19:31:52] /r
[04/02/2012 19:32:01] /r
[04/02/2012 19:33:03] /m morgaroth
[04/02/2012 19:34:34] /clean
[04/02/2012 19:36:51] /i Windborn Colossus Armor
[04/02/2012 19:38:33] /i Royal Draken Mail
[04/02/2012 19:38:52] /i Earthborn Titan Armor
[05/02/2012 01:07:02] /goto el rojo davila
[05/02/2012 01:08:04] /ghost
[05/02/2012 01:08:20] /m morgaroth
[05/02/2012 01:08:22] /m morgaroth
[05/02/2012 01:08:23] /m morgaroth
[05/02/2012 01:08:24] /m morgaroth
[05/02/2012 01:08:24] /m morgaroth
[05/02/2012 01:08:25] /m morgaroth
[05/02/2012 01:08:37] /c el rojo davila
[05/02/2012 01:08:40] /c el rojo davila
[05/02/2012 01:08:43] /c el rojo davila
[05/02/2012 01:08:44] /c el rojo davila
[05/02/2012 01:08:46] /c el rojo davila
[05/02/2012 01:08:48] /c el rojo davila
[05/02/2012 01:08:50] /c el rojo davila
[05/02/2012 01:08:52] /c el rojo davila
[05/02/2012 01:08:53] /c el rojo davila
[05/02/2012 01:08:54] /c el rojo davila
[05/02/2012 01:08:56] /c el rojo davila
[05/02/2012 01:08:57] /c el rojo davila
[05/02/2012 01:08:58] /c el rojo davila
[05/02/2012 01:09:00] /c el rojo davila
[05/02/2012 01:09:03] /c el rojo davila
[05/02/2012 01:09:05] /c el rojo davila
[05/02/2012 01:10:07] /r
[05/02/2012 01:10:12] /r
[05/02/2012 01:10:14] /r
[05/02/2012 01:10:17] /r
[05/02/2012 01:10:21] /r
[05/02/2012 01:10:24] /r
[05/02/2012 01:10:38] /c el rojo davila
[05/02/2012 01:10:42] /r
[05/02/2012 01:11:15] /r
[05/02/2012 01:11:27] /r
[05/02/2012 01:11:33] /r
[05/02/2012 01:11:45] /r
[05/02/2012 01:11:59] /r
[05/02/2012 01:12:04] /r
[05/02/2012 01:12:06] /r
[05/02/2012 01:12:12] /r
[05/02/2012 01:12:14] /r
[05/02/2012 01:13:02] /r
[05/02/2012 01:13:19] /clean
[05/02/2012 01:13:57] /goto pipo
[05/02/2012 01:14:34] /a
[05/02/2012 01:18:36] /i crystal
[05/02/2012 01:18:38] /i crystal
[05/02/2012 01:18:40] /i crystal
[05/02/2012 01:18:41] /i crystal
[05/02/2012 01:18:42] /i crystal
[05/02/2012 01:18:44] /i crystal
[05/02/2012 01:18:46] /i crystal
[05/02/2012 01:18:47] /i crystal
[05/02/2012 01:18:48] /i crystal
[05/02/2012 01:18:49] /i crystal
[05/02/2012 01:18:51] /i crystal
[05/02/2012 01:18:52] /i crystal
[05/02/2012 01:18:54] /i crystal
[05/02/2012 01:18:56] /i crystal
[05/02/2012 01:18:58] /i crystal
[05/02/2012 01:19:13] /c tidaelinix macan
[05/02/2012 01:19:16] /ghost
[05/02/2012 01:19:31] /c ethernal knight
[05/02/2012 01:19:46] /c pipo
[05/02/2012 01:20:02] /c loco 
[05/02/2012 01:20:13] /c renatha 
[05/02/2012 01:20:23] /c sniper
[05/02/2012 01:20:40] /m morgaroth
[05/02/2012 01:20:41] /m morgaroth
[05/02/2012 01:20:42] /m morgaroth
[05/02/2012 01:20:43] /m morgaroth
[05/02/2012 01:20:43] /m morgaroth
[05/02/2012 01:20:44] /m morgaroth
[05/02/2012 01:20:45] /m morgaroth
[05/02/2012 01:20:46] /m morgaroth
[05/02/2012 01:20:47] /m morgaroth
[05/02/2012 01:20:50] /c sniper
[05/02/2012 01:20:52] /m morgaroth
[05/02/2012 01:20:56] /c renatha 
[05/02/2012 01:21:29] /a
[05/02/2012 01:22:19] /r
[05/02/2012 01:22:22] /r
[05/02/2012 01:22:26] /r
[05/02/2012 01:22:29] /r
[05/02/2012 01:22:32] /r
[05/02/2012 01:22:34] /r
[05/02/2012 01:22:39] /r
[05/02/2012 01:22:41] /r
[05/02/2012 01:22:44] /r
[05/02/2012 01:22:46] /r
[05/02/2012 01:22:49] /r
[05/02/2012 01:25:02] /clean
[05/02/2012 01:25:13] /a 5
[05/02/2012 01:26:44] /up
[05/02/2012 01:26:45] /up
[05/02/2012 01:26:46] /up
[05/02/2012 01:26:47] /up
[05/02/2012 01:28:28] /i cristal coin
[05/02/2012 01:28:40] /i crystal coin
[05/02/2012 01:28:42] /i crystal coin
[05/02/2012 01:28:43] /i crystal coin
[05/02/2012 01:29:06] /owner
[05/02/2012 01:29:15] /owner carlos belmonte
[05/02/2012 01:31:44] /r
[05/02/2012 01:31:46] /r
[05/02/2012 01:31:48] /r
[05/02/2012 01:32:23] /i fountain
[05/02/2012 01:32:31] /r
[05/02/2012 01:32:35] /i fountain
[05/02/2012 01:32:37] /i fountain
[05/02/2012 01:32:44] /r
[05/02/2012 01:32:48] /r
[05/02/2012 01:33:36] /t
[05/02/2012 01:37:22] /clean
[05/02/2012 01:37:59] /clean
[05/02/2012 01:38:07] /clean
[05/02/2012 01:38:32] /clean
[05/02/2012 01:42:11] /clean
[05/02/2012 01:47:48] /a
[05/02/2012 01:48:46] /i fighting spirit
[05/02/2012 01:49:10] /i warrior's sweat
[05/02/2012 01:49:34] /i green piece of cloth
[05/02/2012 01:49:52] /i red piece of cloth
[05/02/2012 01:50:40] /i spool of yarn
[05/02/2012 01:52:23] /i Spider Silks
[05/02/2012 01:53:19] /r
[05/02/2012 01:53:22] /r
[05/02/2012 01:53:23] /r
[05/02/2012 01:53:24] /r
[05/02/2012 01:53:25] /r
[05/02/2012 01:53:25] /r
[05/02/2012 01:53:26] /r
[05/02/2012 01:53:26] /r
[05/02/2012 01:53:27] /r
[05/02/2012 01:53:27] /r
[05/02/2012 01:53:28] /r
[05/02/2012 01:53:28] /r
[05/02/2012 01:53:29] /r
[05/02/2012 01:59:05] /i mana potion
[05/02/2012 01:59:50] /i small table
[05/02/2012 01:59:55] /i small table
[05/02/2012 02:00:10] /i wooden chair
[05/02/2012 02:00:19] /i wooden chair
[05/02/2012 02:00:28] /i wooden chair
[05/02/2012 02:00:44] /i wooden chair
[05/02/2012 02:01:13] /i iron ore
[05/02/2012 02:01:26] /i bag
[05/02/2012 02:01:44] /i huge chunk of crude iron
[05/02/2012 02:02:08] /i perfect behemoth fang
[05/02/2012 02:02:27] /i lizard leather
[05/02/2012 02:09:36] /m dog
[05/02/2012 02:09:37] /m dog
[05/02/2012 02:09:37] /m dog
[05/02/2012 02:09:38] /m dog
[05/02/2012 02:09:38] /m dog
[05/02/2012 02:09:39] /m dog
[05/02/2012 02:09:39] /m dog
[05/02/2012 02:09:40] /m dog
[05/02/2012 02:09:41] /m dog
[05/02/2012 02:09:41] /m dog
[05/02/2012 02:09:48] /a
[05/02/2012 02:09:55] /m 10 dog
[05/02/2012 02:09:58] /m dog
[05/02/2012 02:09:58] /m dog
[05/02/2012 02:09:59] /m dog
[05/02/2012 02:10:00] /m dog
[05/02/2012 02:10:01] /m dog
[05/02/2012 02:10:02] /m dog
[05/02/2012 02:10:02] /m dog
[05/02/2012 02:10:04] /m dog
[05/02/2012 02:10:07] /a
[05/02/2012 02:10:09] /a
[05/02/2012 02:10:13] /m dog
[05/02/2012 02:10:14] /m dog
[05/02/2012 02:10:15] /m dog
[05/02/2012 02:10:15] /m dog
[05/02/2012 02:10:16] /m dog
[05/02/2012 02:10:17] /m dog
[05/02/2012 02:10:18] /m dog
[05/02/2012 02:10:18] /m dog
[05/02/2012 02:10:19] /m dog
[05/02/2012 02:10:21] /a
[05/02/2012 02:10:23] /m dog
[05/02/2012 02:10:24] /m dog
[05/02/2012 02:10:25] /m dog
[05/02/2012 02:10:25] /m dog
[05/02/2012 02:10:26] /m dog
[05/02/2012 02:10:29] /a
[05/02/2012 02:10:31] /m dog
[05/02/2012 02:10:31] /m dog
[05/02/2012 02:10:32] /m dog
[05/02/2012 02:10:33] /m dog
[05/02/2012 02:10:34] /a
[05/02/2012 02:10:36] /m dog
[05/02/2012 02:10:36] /m dog
[05/02/2012 02:10:37] /m dog
[05/02/2012 02:10:38] /m dog
[05/02/2012 02:10:38] /m dog
[05/02/2012 02:10:39] /m dog
[05/02/2012 02:10:40] /m dog
[05/02/2012 02:10:44] /a
[05/02/2012 02:10:45] /a
[05/02/2012 02:10:48] /a
[05/02/2012 02:10:51] /a
[05/02/2012 02:10:59] /m cat
[05/02/2012 02:11:00] /m cat
[05/02/2012 02:11:01] /m cat
[05/02/2012 02:11:02] /m cat
[05/02/2012 02:11:02] /m cat
[05/02/2012 02:11:03] /m cat
[05/02/2012 02:11:04] /m cat
[05/02/2012 02:11:04] /m cat
[05/02/2012 02:11:05] /m cat
[05/02/2012 02:11:06] /m cat
[05/02/2012 02:11:11] /a
[05/02/2012 02:11:16] /m cat
[05/02/2012 02:11:17] /m cat
[05/02/2012 02:11:18] /m cat
[05/02/2012 02:11:18] /m cat
[05/02/2012 02:11:19] /m cat
[05/02/2012 02:11:20] /m cat
[05/02/2012 02:11:20] /m cat
[05/02/2012 02:11:21] /m cat
[05/02/2012 02:11:22] /m cat
[05/02/2012 02:11:35] /a
[05/02/2012 02:11:41] /m cat
[05/02/2012 02:11:42] /m cat
[05/02/2012 02:11:42] /m cat
[05/02/2012 02:11:43] /m cat
[05/02/2012 02:11:44] /m cat
[05/02/2012 02:11:44] /m cat
[05/02/2012 02:11:45] /m cat
[05/02/2012 02:11:46] /m cat
[05/02/2012 02:11:47] /m cat
[05/02/2012 02:11:48] /m cat
[05/02/2012 02:11:50] /a
[05/02/2012 02:12:07] /m hydras
[05/02/2012 02:12:12] /m hydra
[05/02/2012 02:12:13] /m hydra
[05/02/2012 02:12:14] /m hydra
[05/02/2012 02:12:15] /m hydra
[05/02/2012 02:12:16] /m hydras
[05/02/2012 02:12:18] /m hydra
[05/02/2012 02:12:19] /m hydra
[05/02/2012 02:12:20] /m hydra
[05/02/2012 02:12:21] /m hydra
[05/02/2012 02:12:22] /m hydra
[05/02/2012 02:12:24] /m hydra
[05/02/2012 02:13:33] /clean
[05/02/2012 02:13:46] /r
[05/02/2012 02:13:49] /r
[05/02/2012 02:13:55] /save
[05/02/2012 02:14:25] /m deer
[05/02/2012 02:14:27] /m deer
[05/02/2012 02:14:29] /save
[05/02/2012 02:14:33] /m deer
[05/02/2012 02:14:33] /m deer
[05/02/2012 02:14:33] /m deer
[05/02/2012 02:14:33] /m deer
[05/02/2012 02:14:34] /m deer
[05/02/2012 02:14:34] /m deer
[05/02/2012 02:14:35] /m deer
[05/02/2012 02:14:44] /a
[05/02/2012 02:14:51] /m deer
[05/02/2012 02:14:52] /m deer
[05/02/2012 02:14:53] /m deer
[05/02/2012 02:14:53] /m deer
[05/02/2012 02:14:54] /m deer
[05/02/2012 02:14:55] /m deer
[05/02/2012 02:14:55] /m deer
[05/02/2012 02:14:56] /m deer
[05/02/2012 02:14:57] /m deer
[05/02/2012 02:15:01] /a
[05/02/2012 02:16:06] /m Butterfly
[05/02/2012 02:16:10] /m Butterfly
[05/02/2012 02:16:11] /m Butterfly
[05/02/2012 02:16:11] /m Butterfly
[05/02/2012 02:16:12] /m Butterfly
[05/02/2012 02:16:13] /m Butterfly
[05/02/2012 02:16:13] /m Butterfly
[05/02/2012 02:16:14] /m Butterfly
[05/02/2012 02:16:15] /m Butterfly
[05/02/2012 02:16:15] /m Butterfly
[05/02/2012 02:16:17] /m Butterfly
[05/02/2012 02:16:19] /a
[05/02/2012 02:16:23] /a
[05/02/2012 02:16:23] /a
[05/02/2012 02:16:27] /m Butterfly
[05/02/2012 02:16:27] /m Butterfly
[05/02/2012 02:16:28] /m Butterfly
[05/02/2012 02:16:29] /m Butterfly
[05/02/2012 02:16:29] /m Butterfly
[05/02/2012 02:16:30] /m Butterfly
[05/02/2012 02:16:30] /m Butterfly
[05/02/2012 02:16:31] /m Butterfly
[05/02/2012 02:16:32] /m Butterfly
[05/02/2012 02:16:36] /a
[05/02/2012 02:16:39] /a
[05/02/2012 02:16:43] /m Butterfly
[05/02/2012 02:16:43] /m Butterfly
[05/02/2012 02:16:44] /m Butterfly
[05/02/2012 02:16:44] /m Butterfly
[05/02/2012 02:16:45] /m Butterfly
[05/02/2012 02:16:46] /m Butterfly
[05/02/2012 02:16:46] /m Butterfly
[05/02/2012 02:16:47] /m Butterfly
[05/02/2012 02:16:48] /m Butterfly
[05/02/2012 02:16:48] /m Butterfly
[05/02/2012 02:16:51] /a
[05/02/2012 02:17:30] /a
[05/02/2012 02:19:03] /i door
[05/02/2012 02:19:06] /i door
[05/02/2012 02:19:07] /i door
[05/02/2012 02:19:09] /i door
[05/02/2012 02:19:10] /i door
[05/02/2012 02:33:33] /a
[05/02/2012 02:33:52] /a
[05/02/2012 02:33:54] /a
[05/02/2012 02:34:01] /a
[05/02/2012 02:35:26] /a
[05/02/2012 02:35:28] /a
[05/02/2012 02:35:33] /a
[05/02/2012 02:35:34] /a
[05/02/2012 02:35:34] /a
[05/02/2012 02:35:36] /a
[05/02/2012 02:35:43] /a
[05/02/2012 12:19:51] /kick zir'lalo
[05/02/2012 12:20:00] /kick wichito
[05/02/2012 12:20:08] /kick mizard
[05/02/2012 12:20:14] /kick sacalo
[05/02/2012 12:20:21] /kick salaco
[05/02/2012 12:20:35] /kick tuha kaya
[05/02/2012 12:21:46] /owner
[05/02/2012 12:21:55] /owner carlos belmonte
[05/02/2012 12:24:37] /a 5
[05/02/2012 12:25:35] /a 3
[05/02/2012 12:27:10] /goto brando granados
[05/02/2012 12:56:41] /r
[05/02/2012 12:56:45] /t
[05/02/2012 12:57:36] /a 75
[05/02/2012 12:58:49] /c edwin rosa
[05/02/2012 12:59:03] /ghost
[05/02/2012 12:59:27] /a
[05/02/2012 12:59:37] /m cyclope
[05/02/2012 13:00:32] /m cyclops
[05/02/2012 13:00:33] /m cyclops
[05/02/2012 13:00:34] /m cyclops
[05/02/2012 13:00:34] /m cyclops
[05/02/2012 13:00:35] /m cyclops
[05/02/2012 13:00:36] /m cyclops
[05/02/2012 13:00:37] /m cyclops
[05/02/2012 13:00:37] /m cyclops
[05/02/2012 13:00:38] /m cyclops
[05/02/2012 13:00:39] /m cyclops
[05/02/2012 13:00:40] /m cyclops
[05/02/2012 13:00:40] /m cyclops
[05/02/2012 13:00:41] /m cyclops
[05/02/2012 13:00:42] /m cyclops
[05/02/2012 13:00:43] /m cyclops
[05/02/2012 13:00:45] /m cyclops
[05/02/2012 13:00:46] /m cyclops
[05/02/2012 13:00:47] /m cyclops
[05/02/2012 13:00:49] /m cyclops
[05/02/2012 13:00:50] /m cyclops
[05/02/2012 13:00:59] /m cyclops
[05/02/2012 13:01:00] /m cyclops
[05/02/2012 13:01:01] /m cyclops
[05/02/2012 13:01:02] /m cyclops
[05/02/2012 13:01:03] /m cyclops
[05/02/2012 13:01:04] /m cyclops
[05/02/2012 13:01:04] /m cyclops
[05/02/2012 13:01:05] /m cyclops
[05/02/2012 13:01:10] /m cyclops
[05/02/2012 13:01:11] /m cyclops
[05/02/2012 13:01:11] /m cyclops
[05/02/2012 13:01:12] /m cyclops
[05/02/2012 13:01:13] /m cyclops
[05/02/2012 13:01:14] /m cyclops
[05/02/2012 13:01:23] /m cyclops
[05/02/2012 13:01:29] /m cyclops
[05/02/2012 13:01:31] /m cyclops
[05/02/2012 13:01:35] /m cyclops
[05/02/2012 13:01:37] /m cyclops
[05/02/2012 13:01:38] /m cyclops
[05/02/2012 13:02:18] /a 40
[05/02/2012 13:02:24] /a
[05/02/2012 13:02:25] /a
[05/02/2012 13:02:27] /a
[05/02/2012 13:02:27] /a
[05/02/2012 13:02:28] /a
[05/02/2012 13:02:29] /a
[05/02/2012 13:02:29] /a
[05/02/2012 13:02:30] /a
[05/02/2012 13:02:31] /a
[05/02/2012 13:02:32] /a
[05/02/2012 13:02:33] /a
[05/02/2012 13:02:33] /a
[05/02/2012 13:02:34] /a
[05/02/2012 13:05:44] /a
[05/02/2012 13:05:45] /a
[05/02/2012 13:05:46] /a
[05/02/2012 13:05:47] /a
[05/02/2012 13:05:48] /a
[05/02/2012 13:05:58] /clean
[05/02/2012 13:26:00] /goto edwin rosa
[05/02/2012 13:26:52] /up
[05/02/2012 13:26:53] /up
[05/02/2012 13:27:05] /c edwin rosa
[05/02/2012 13:28:30] /m dragon
