[10/02/2012 23:14:41] /ghost
[10/02/2012 23:14:56] /town 5
[10/02/2012 23:14:58] /town 6
[10/02/2012 23:14:59] /town 4
[10/02/2012 23:15:00] /town 3
[10/02/2012 23:15:01] /town 7
[10/02/2012 23:15:02] /town 8
[10/02/2012 23:15:03] /town 1
[10/02/2012 23:15:04] /town 2
[10/02/2012 23:15:19] /town 5
[10/02/2012 23:15:20] /town 6
[10/02/2012 23:17:23] /goto knight hykrion
[10/02/2012 23:17:55] /t
[10/02/2012 23:17:58] /town 7
[10/02/2012 23:18:00] /town 1
[10/02/2012 23:18:00] /town 2
[10/02/2012 23:19:16] /town 2
[22/01/2013 23:49:07] /m cyclops
[22/01/2013 23:50:28] /t
[22/01/2013 23:51:32] /goto xodid
[22/01/2013 23:51:41] /a 5
[22/01/2013 23:51:42] /a 5
[22/01/2013 23:51:42] /a 5
[22/01/2013 23:51:42] /a 5
[22/01/2013 23:51:43] /a 5
[22/01/2013 23:52:17] /goto zirrella
[22/01/2013 23:52:22] /goto zirella
[22/01/2013 23:52:27] /goto carlos
[22/01/2013 23:52:30] /goto Benjamin
[22/01/2013 23:52:33] /t
[22/01/2013 23:52:35] /goto Benjamin
[23/01/2013 01:23:26] /a 
[23/01/2013 01:23:28] /a 5
[23/01/2013 01:23:30] /a 5
[23/01/2013 01:23:32] /a 10
[23/01/2013 01:23:34] /a 10
[23/01/2013 01:23:34] /a 10
[23/01/2013 01:25:20] /goto sunnade
[23/01/2013 01:25:42] /i mace
[23/01/2013 01:25:45] /a
[23/01/2013 01:25:47] /ghost
[23/01/2013 01:25:52] /i 2160
[23/01/2013 01:25:57] /ghost
[23/01/2013 01:25:59] /i 2160
[23/01/2013 01:26:12] /attr attack ser 50
[23/01/2013 01:26:18] /attr set attack 50
