[03/02/2012 16:40:11] /ghost
[03/02/2012 16:41:38] /a 400
[03/02/2012 16:41:42] /a 100
[03/02/2012 16:41:46] /a 1000
[03/02/2012 16:42:01] /a 50
[03/02/2012 16:42:21] /a
[03/02/2012 16:42:26] /a
[03/02/2012 16:42:27] /a
[03/02/2012 16:42:27] /a
[03/02/2012 16:42:28] /a
[03/02/2012 16:42:28] /a
[03/02/2012 16:42:28] /a
[03/02/2012 16:42:28] /a
[03/02/2012 16:42:28] /a
[03/02/2012 16:42:28] /a
[03/02/2012 16:42:28] /a
[03/02/2012 16:42:28] /a
[03/02/2012 16:42:28] /a
[03/02/2012 16:42:28] /a
[03/02/2012 16:42:29] /a
[03/02/2012 16:42:29] /a
[03/02/2012 16:42:29] /a
[03/02/2012 16:42:29] /a
[03/02/2012 16:42:29] /a
[03/02/2012 16:42:29] /a
[03/02/2012 16:42:29] /a
[03/02/2012 16:42:29] /a
[03/02/2012 16:42:29] /a
[03/02/2012 16:42:29] /a
[03/02/2012 16:42:30] /a
[03/02/2012 16:42:30] /a
[03/02/2012 16:42:30] /a
[03/02/2012 16:42:31] /a
[03/02/2012 16:42:32] /a
[03/02/2012 16:42:32] /a
[03/02/2012 16:42:33] /a
[03/02/2012 16:42:33] /a
[03/02/2012 16:42:33] /a
[03/02/2012 16:42:33] /a
[03/02/2012 16:42:33] /a
[03/02/2012 16:42:33] /a
[03/02/2012 16:42:33] /a
[03/02/2012 16:42:33] /a
[03/02/2012 16:42:33] /a
[03/02/2012 16:42:33] /a
[03/02/2012 16:42:33] /a
[03/02/2012 16:42:34] /a
[03/02/2012 16:42:34] /a
[03/02/2012 16:42:34] /a
[03/02/2012 16:42:34] /a
[03/02/2012 16:42:34] /a
[03/02/2012 16:42:34] /a
[03/02/2012 16:42:34] /a
[03/02/2012 16:42:34] /a
[03/02/2012 16:42:34] /a
[03/02/2012 16:42:34] /a
[03/02/2012 16:42:34] /a
[03/02/2012 16:42:35] /a
[03/02/2012 16:42:35] /a
[03/02/2012 16:42:35] /a
[03/02/2012 16:42:35] /a
[03/02/2012 16:42:35] /a
[03/02/2012 16:42:35] /a
[03/02/2012 16:42:39] /a 1000
[03/02/2012 16:42:41] /a 100
[03/02/2012 16:43:09] /a
[03/02/2012 16:43:09] /a
[03/02/2012 16:43:54] /a
[03/02/2012 16:44:08] /a
[03/02/2012 16:44:08] /a
[03/02/2012 16:45:10] /down
[03/02/2012 16:45:37] /t
[03/02/2012 16:46:14] /a
[03/02/2012 16:46:15] /a
[03/02/2012 16:46:16] /a
[03/02/2012 16:46:17] /a
[03/02/2012 16:46:19] /a
[03/02/2012 16:46:19] /a
[03/02/2012 16:46:20] /a
[03/02/2012 16:46:20] /a
[03/02/2012 16:51:34] /i Master Archer's Armor
[03/02/2012 16:52:37] /c me la pelas soy tute
[03/02/2012 16:52:43] /r
[03/02/2012 16:52:55] /r
[03/02/2012 16:55:12] /c me la pelas soy tute
[03/02/2012 16:55:41] /i nose ring
[03/02/2012 16:55:47] /i bahemoth claw
[03/02/2012 16:55:56] /i behemoth claw
[03/02/2012 16:57:21] /b disculpel por el server qe estubo cerrado pero el god le iso unas modificasiones
[03/02/2012 17:07:08] /ghost
[03/02/2012 17:10:47] /a
[03/02/2012 17:10:48] /a
[03/02/2012 17:10:49] /a
[03/02/2012 17:10:49] /a
[03/02/2012 17:11:02] /i stone
[03/02/2012 17:12:30] /goto god
[03/02/2012 17:12:34] /goto god
[03/02/2012 17:12:47] /goto rashid
[03/02/2012 17:12:52] /t
[03/02/2012 17:13:02] /n eremo
[03/02/2012 17:13:31] /n rashid
[03/02/2012 17:13:50] /a
[03/02/2012 17:15:57] /a
[03/02/2012 17:15:59] /a
[03/02/2012 17:15:59] /a
[03/02/2012 17:20:22] /b quien le vende un chart rl a saunders
[03/02/2012 17:21:34] /ghost
[03/02/2012 17:22:22] /m rotworm
[03/02/2012 17:23:19] /c edwim rosa
[03/02/2012 17:23:42] /ghost
[03/02/2012 17:24:52] /ghost
[03/02/2012 17:24:58] /goto brando granados
[03/02/2012 17:25:15] /goto saunders
[03/02/2012 17:26:41] /goto saunders
[03/02/2012 17:28:08] /r
[03/02/2012 17:29:31] /ghost
[03/02/2012 17:30:39] /r
[03/02/2012 17:30:44] /r
[03/02/2012 17:30:47] /r
[03/02/2012 17:32:12] /c edwin rosa
[03/02/2012 17:32:22] /m cyclops
[03/02/2012 17:36:41] /a 50
[03/02/2012 17:36:44] /a
[03/02/2012 17:36:45] /a
[03/02/2012 17:36:45] /a
[03/02/2012 17:36:45] /a
[03/02/2012 17:36:45] /a
[03/02/2012 17:36:45] /a
[03/02/2012 17:36:45] /a
[03/02/2012 17:36:46] /a
[03/02/2012 17:36:46] /a
[03/02/2012 17:36:46] /a
[03/02/2012 17:36:46] /a
[03/02/2012 17:36:46] /a
[03/02/2012 17:36:46] /a
[03/02/2012 17:36:46] /a
[03/02/2012 17:36:46] /a
[03/02/2012 17:36:46] /a
[03/02/2012 17:36:46] /a
[03/02/2012 17:36:47] /a
[03/02/2012 17:36:47] /a
[03/02/2012 17:36:47] /a
[03/02/2012 17:36:47] /a
[03/02/2012 17:36:47] /a
[03/02/2012 17:36:47] /a
[03/02/2012 17:36:47] /a
[03/02/2012 17:36:47] /a
[03/02/2012 17:36:47] /a
[03/02/2012 17:36:47] /a
[03/02/2012 17:36:47] /a
[03/02/2012 17:36:48] /a
[03/02/2012 17:36:48] /a
[03/02/2012 17:36:48] /a
[03/02/2012 17:36:48] /a
[03/02/2012 17:36:48] /a
[03/02/2012 17:36:48] /a
[03/02/2012 17:36:48] /a
[03/02/2012 17:36:48] /a
[03/02/2012 17:36:48] /a
[03/02/2012 17:36:49] /a
[03/02/2012 17:36:49] /a
[03/02/2012 17:36:49] /a
[03/02/2012 17:36:49] /a
[03/02/2012 17:36:49] /a
[03/02/2012 17:36:49] /a
[03/02/2012 17:36:49] /a
[03/02/2012 17:36:49] /a
[03/02/2012 17:36:50] /a
[03/02/2012 17:36:50] /a
[03/02/2012 17:36:51] /a
[03/02/2012 17:36:51] /a
[03/02/2012 17:36:52] /a
[03/02/2012 17:36:52] /a
[03/02/2012 17:36:52] /a
[03/02/2012 17:36:52] /a
[03/02/2012 17:36:52] /a
[03/02/2012 17:36:52] /a
[03/02/2012 17:36:52] /a
[03/02/2012 17:36:52] /a
[03/02/2012 17:36:53] /a
[03/02/2012 17:36:53] /a
[03/02/2012 17:36:53] /a
[03/02/2012 17:36:53] /a
[03/02/2012 17:36:53] /a
[03/02/2012 17:36:53] /a
[03/02/2012 17:36:53] /a
[03/02/2012 17:36:53] /a
[03/02/2012 17:36:53] /a
[03/02/2012 17:36:54] /a
[03/02/2012 17:36:54] /a
[03/02/2012 17:36:54] /a
[03/02/2012 17:36:54] /a
[03/02/2012 17:36:54] /a
[03/02/2012 17:36:54] /a
[03/02/2012 17:36:54] /a
[03/02/2012 17:36:54] /a
[03/02/2012 17:36:54] /a
[03/02/2012 17:36:55] /a
[03/02/2012 17:36:58] /a 100
[03/02/2012 17:37:00] /a
[03/02/2012 17:37:00] /a
[03/02/2012 17:37:01] /a
[03/02/2012 17:37:01] /a
[03/02/2012 17:37:01] /a
[03/02/2012 17:37:01] /a
[03/02/2012 17:37:01] /a
[03/02/2012 17:37:01] /a
[03/02/2012 17:37:01] /a
[03/02/2012 17:37:01] /a
[03/02/2012 17:37:01] /a
[03/02/2012 17:37:01] /a
[03/02/2012 17:37:02] /a
[03/02/2012 17:37:02] /a
[03/02/2012 17:37:02] /a
[03/02/2012 17:37:02] /a
[03/02/2012 17:37:02] /a
[03/02/2012 17:37:03] /a
[03/02/2012 17:37:03] /a
[03/02/2012 17:37:03] /a
[03/02/2012 17:37:03] /a
[03/02/2012 17:37:03] /a
[03/02/2012 17:37:03] /a
[03/02/2012 17:37:03] /a
[03/02/2012 17:37:03] /a
[03/02/2012 17:37:03] /a
[03/02/2012 17:37:04] /a
[03/02/2012 17:37:04] /a
[03/02/2012 17:37:04] /a
[03/02/2012 17:37:04] /a
[03/02/2012 17:37:04] /a
[03/02/2012 17:37:04] /a
[03/02/2012 17:37:04] /a
[03/02/2012 17:37:04] /a
[03/02/2012 17:37:04] /a
[03/02/2012 17:37:04] /a
[03/02/2012 17:37:04] /a
[03/02/2012 17:37:05] /a
[03/02/2012 17:37:05] /a
[03/02/2012 17:37:05] /a
[03/02/2012 17:37:05] /a
[03/02/2012 17:37:05] /a
[03/02/2012 17:37:05] /a
[03/02/2012 17:37:05] /a
[03/02/2012 17:37:05] /a
[03/02/2012 17:37:07] /a
[03/02/2012 17:37:07] /a
[03/02/2012 17:37:08] /a
[03/02/2012 17:37:08] /a
[03/02/2012 17:37:08] /a
[03/02/2012 17:37:08] /a
[03/02/2012 17:37:08] /a
[03/02/2012 17:37:09] /a
[03/02/2012 17:37:09] /a
[03/02/2012 17:37:11] /a
[03/02/2012 17:37:11] /a
[03/02/2012 23:41:28] /a
[03/02/2012 23:42:38] /a
[03/02/2012 23:42:38] /a
[03/02/2012 23:42:38] /a
[03/02/2012 23:42:39] /a
[03/02/2012 23:42:39] /a
[03/02/2012 23:42:39] /a
[03/02/2012 23:42:39] /a
[03/02/2012 23:42:40] /a
[03/02/2012 23:42:41] /a
[03/02/2012 23:42:42] /a
[03/02/2012 23:43:08] /a
[03/02/2012 23:43:09] /a
[03/02/2012 23:43:09] /a
[03/02/2012 23:43:09] /a
[03/02/2012 23:43:09] /a
[03/02/2012 23:43:09] /a
[03/02/2012 23:43:09] /a
[03/02/2012 23:43:10] /a
[03/02/2012 23:43:11] /a
[03/02/2012 23:43:33] /a
[03/02/2012 23:43:34] /a
[03/02/2012 23:43:34] /a
[03/02/2012 23:43:34] /a
[03/02/2012 23:43:35] /a
[03/02/2012 23:43:35] /a
[03/02/2012 23:43:36] /a
[03/02/2012 23:43:37] /a
[03/02/2012 23:44:28] /i spears
[03/02/2012 23:44:35] /i spear
[03/02/2012 23:45:14] /a
[03/02/2012 23:45:19] /a
[03/02/2012 23:45:19] /a
[03/02/2012 23:45:26] /a
[03/02/2012 23:45:59] /a
[03/02/2012 23:45:59] /a
[03/02/2012 23:46:00] /a
[03/02/2012 23:46:00] /a
[03/02/2012 23:46:00] /a
[03/02/2012 23:46:56] /t
[03/02/2012 23:48:36] /a
[03/02/2012 23:48:54] /i stone
[03/02/2012 23:49:28] /n rashid
[03/02/2012 23:49:36] /n eremo
[03/02/2012 23:50:48] /i esmeral sword
[03/02/2012 23:51:35] /i Magic Longsword
[03/02/2012 23:52:50] /i golden helmet
[03/02/2012 23:53:34] /i magic plate armor
[03/02/2012 23:53:37] /t
[03/02/2012 23:54:05] /goto sam
[03/02/2012 23:54:49] /goto tom
[03/02/2012 23:55:20] /a
[03/02/2012 23:55:40] /i stone
[03/02/2012 23:55:43] /i stone
[03/02/2012 23:55:47] /i stone
[03/02/2012 23:55:54] /goto saam
[03/02/2012 23:55:57] /goto sam
[03/02/2012 23:56:57] /i Dragon Scale Legs
[03/02/2012 23:57:00] /i golden legs
[03/02/2012 23:57:08] /i golden boots
[03/02/2012 23:58:31] /i sword ring
[04/02/2012 00:01:28] /goto demon
[04/02/2012 00:01:50] /goto ferumbras
[04/02/2012 00:02:00] /goto cyclops
[04/02/2012 00:02:08] /goto warlork
[04/02/2012 00:02:15] /goto medusa
[04/02/2012 00:04:35] /goto primo here
[04/02/2012 00:04:40] /n fiona
[04/02/2012 00:05:09] /goto demon
[04/02/2012 00:06:12] /a
[04/02/2012 00:06:18] /r
[04/02/2012 00:06:19] /r
[04/02/2012 00:06:21] /r
[04/02/2012 00:07:07] /t
[04/02/2012 00:07:11] /goto sam
[04/02/2012 00:07:39] /i stone
[04/02/2012 00:07:50] /i 1481
[04/02/2012 00:07:54] /ghost
[04/02/2012 00:07:57] /n eremo
[04/02/2012 00:07:59] /a
[04/02/2012 00:08:02] /ghost
[04/02/2012 00:08:06] /r
[04/02/2012 00:08:09] /goto demon
[04/02/2012 00:08:15] /m ferumbras
[04/02/2012 00:09:05] /r
[04/02/2012 00:09:07] /t
[04/02/2012 00:10:49] /n Nah'Bob
[04/02/2012 00:11:38] /m rat
[04/02/2012 00:11:48] /m monk
[04/02/2012 00:13:15] /ghost
[04/02/2012 00:13:24] /goto comandante fragoso
[04/02/2012 00:14:31] /ghost
[04/02/2012 00:16:50] /b ta muy solo
[04/02/2012 00:17:48] /i bright sword
[04/02/2012 00:18:03] /goto the killer knight
[04/02/2012 00:18:39] /i katana
[04/02/2012 00:18:52] /t
[04/02/2012 00:20:27] /a
[04/02/2012 00:20:31] /a
[04/02/2012 00:20:31] /a
[04/02/2012 00:20:31] /a
[04/02/2012 00:20:32] /a
[04/02/2012 00:20:32] /a
[04/02/2012 00:20:34] /a
[04/02/2012 00:20:34] /a
[04/02/2012 00:20:37] /a
[04/02/2012 00:23:04] /goto the killer knight
[04/02/2012 00:23:32] /i health potion
[04/02/2012 00:23:47] /i meat
[04/02/2012 00:24:13] /i plate armor
[04/02/2012 00:24:19] /i blue armor
[04/02/2012 00:24:25] /i blue legs
[04/02/2012 00:24:30] /i blue legs
[04/02/2012 00:24:40] /i blue robe
[04/02/2012 00:24:48] /i rusader helmet
[04/02/2012 00:25:00] /i crusader helmet
[04/02/2012 00:25:08] /i dragon shield
[04/02/2012 00:25:19] /i boots of haste
[04/02/2012 00:25:30] /i amulet of loss
[04/02/2012 00:25:43] /i blue backpack
[04/02/2012 00:26:33] /t
[04/02/2012 00:35:24] /n eremo
[04/02/2012 00:35:34] /r
[04/02/2012 00:48:01] /goto the killer knight
[04/02/2012 00:48:22] /c the killer night
[04/02/2012 00:48:31] /c the killer night
[04/02/2012 00:48:49] /c the killer knight
[04/02/2012 00:49:21] /c knight for live
[04/02/2012 00:50:40] /a
[04/02/2012 00:50:56] /goto the killer knight
[04/02/2012 00:51:08] /goto the killer knight
[04/02/2012 00:52:11] /r
[04/02/2012 00:53:09] /c the killer knight
[04/02/2012 12:59:44] /t
[04/02/2012 12:59:56] /goto god
[04/02/2012 13:00:25] /c mago
[04/02/2012 13:00:52] /goto sam
[04/02/2012 13:01:28] /t
[04/02/2012 13:01:34] /goto loko
[04/02/2012 13:01:38] /goto loco
[04/02/2012 13:06:20] /c  Knight For Live
[04/02/2012 13:06:46] /goto dragon
[04/02/2012 13:07:17] /a
[04/02/2012 13:07:35] /c Knight For Live
[04/02/2012 13:08:15] /goto salaco
[04/02/2012 13:09:27] /m frostfur
[04/02/2012 13:09:41] /a
[04/02/2012 13:09:41] /a
[04/02/2012 13:09:41] /a
[04/02/2012 13:09:42] /a
[04/02/2012 13:09:42] /a
[04/02/2012 13:09:55] /a
[04/02/2012 13:09:56] /a
[04/02/2012 13:09:56] /a
[04/02/2012 13:09:56] /a
[04/02/2012 13:09:57] /a
[04/02/2012 13:09:57] /a
[04/02/2012 13:09:58] /a
[04/02/2012 13:09:58] /a
[04/02/2012 13:10:06] /a
[04/02/2012 13:10:06] /a
[04/02/2012 13:10:06] /a
[04/02/2012 13:10:09] /a
[04/02/2012 13:10:10] /a
[04/02/2012 13:10:10] /a
[04/02/2012 13:10:12] /a
[04/02/2012 13:10:12] /a
[04/02/2012 13:11:01] /a
[04/02/2012 13:12:31] /goto salaco
[04/02/2012 13:12:51] /m The Obliverator
[04/02/2012 13:14:00] /a
[04/02/2012 13:14:01] /a
[04/02/2012 13:14:01] /a
[04/02/2012 13:14:10] /a
[04/02/2012 13:14:32] /a
[04/02/2012 13:14:39] /a
[04/02/2012 13:14:44] /a
[04/02/2012 13:14:53] /a
[04/02/2012 13:14:56] /a
[04/02/2012 13:14:56] /a
[04/02/2012 13:14:56] /a
[04/02/2012 13:15:05] /a
[04/02/2012 13:15:06] /a
[04/02/2012 13:15:08] /a
[04/02/2012 13:15:29] /a
[04/02/2012 13:15:37] /goto salaco
[04/02/2012 13:16:23] /a
[04/02/2012 13:16:24] /a
[04/02/2012 13:16:24] /a
[04/02/2012 13:16:35] /a
[04/02/2012 13:16:38] /c salaco
[04/02/2012 13:16:42] /a
[04/02/2012 13:16:59] /c salaco
[04/02/2012 13:17:06] /a
[04/02/2012 13:17:11] /c salaco
[04/02/2012 13:17:20] /a
[04/02/2012 13:17:33] /t
[04/02/2012 13:17:37] /c salaco
[04/02/2012 13:17:42] /a
[04/02/2012 13:17:44] /a
[04/02/2012 13:17:44] /a
[04/02/2012 13:33:42] /goto daniel ruiz
[04/02/2012 13:34:08] /c daniel ruiz
[04/02/2012 13:35:45] /goto daniel ruiz
[04/02/2012 13:35:47] /c /c knight for live
[04/02/2012 13:35:49] /c knight for live
[04/02/2012 13:51:13] /goto sam
[04/02/2012 13:51:52] /goto dark ninght
[04/02/2012 13:52:01] /goto black ninght
[04/02/2012 13:53:22] /goto mimic
[04/02/2012 13:53:35] /a
[04/02/2012 13:53:38] /a
[04/02/2012 13:55:19] /a
[04/02/2012 13:55:35] /goto mimic
[04/02/2012 13:55:37] /a
[04/02/2012 13:55:37] /a
[04/02/2012 13:55:42] /a
[04/02/2012 13:56:24] /up
[04/02/2012 13:56:40] /a
[04/02/2012 13:56:41] /a
[04/02/2012 13:56:48] /a
[04/02/2012 13:56:55] /a
[04/02/2012 13:56:55] /a
[04/02/2012 13:56:58] /down
[04/02/2012 13:56:59] /a
[04/02/2012 13:57:04] /a
[04/02/2012 13:57:04] /a
[04/02/2012 13:57:04] /a
[04/02/2012 13:57:04] /a
[04/02/2012 13:57:04] /a
[04/02/2012 13:57:05] /a
[04/02/2012 13:57:05] /a
[04/02/2012 13:57:08] /a
[04/02/2012 13:57:09] /a
[04/02/2012 13:57:19] /a
[04/02/2012 13:57:35] /a
[04/02/2012 13:57:37] /a
[04/02/2012 13:57:37] /a
[04/02/2012 13:57:38] /a
[04/02/2012 13:57:38] /a
[04/02/2012 13:57:38] /a
[04/02/2012 13:57:39] /a
[04/02/2012 13:57:39] /a
[04/02/2012 13:57:39] /a
[04/02/2012 13:57:39] /a
[04/02/2012 13:57:40] /a
[04/02/2012 13:57:40] /a
[04/02/2012 14:03:38] /m morgaroth
[04/02/2012 14:04:34] /clean
[04/02/2012 14:07:48] /addskill roach, level 1
[04/02/2012 14:07:58] /addskill nick, sword 1
[04/02/2012 14:08:27] /addskill roach, sword 1
[04/02/2012 14:08:43] /addskill roach, sword 2
[04/02/2012 14:09:09] /addskill roach, sword fighting 1
[04/02/2012 14:09:30] /addskill roach, 
[04/02/2012 14:09:38] /addskill roach, sword fighting
[04/02/2012 14:10:01] /addskill roach, sword 1
[04/02/2012 14:10:09] /addskill roach,
[04/02/2012 14:12:20] /addskill roach, magic level
[04/02/2012 14:12:39] /addskill roach, sword fighting
[04/02/2012 14:12:59] /addskill roach, sword
[04/02/2012 14:13:09] /addskill roach,  sword 1
[04/02/2012 14:13:16] /addskill roach, sword
[04/02/2012 14:13:30] /addskill roach, sword
[04/02/2012 14:13:31] /addskill roach, sword
[04/02/2012 14:13:31] /addskill roach, sword
[04/02/2012 14:13:31] /addskill roach, sword
[04/02/2012 14:13:32] /addskill roach, sword
[04/02/2012 14:13:32] /addskill roach, sword
[04/02/2012 14:13:32] /addskill roach, sword
[04/02/2012 14:13:32] /addskill roach, sword
[04/02/2012 14:13:32] /addskill roach, sword
[04/02/2012 14:13:32] /addskill roach, sword
[04/02/2012 14:13:32] /addskill roach, sword
[04/02/2012 14:13:32] /addskill roach, sword
[04/02/2012 14:13:32] /addskill roach, sword
[04/02/2012 14:13:32] /addskill roach, sword
[04/02/2012 14:13:32] /addskill roach, sword
[04/02/2012 14:13:33] /addskill roach, sword
[04/02/2012 14:13:33] /addskill roach, sword
[04/02/2012 14:13:33] /addskill roach, sword
[04/02/2012 14:13:33] /addskill roach, sword
[04/02/2012 14:13:33] /addskill roach, sword
[04/02/2012 14:13:33] /addskill roach, sword
[04/02/2012 14:13:33] /addskill roach, sword
[04/02/2012 14:13:34] /addskill roach, sword
[04/02/2012 14:13:34] /addskill roach, sword
[04/02/2012 14:13:34] /addskill roach, sword
[04/02/2012 14:13:34] /addskill roach, sword
[04/02/2012 14:13:34] /addskill roach, sword
[04/02/2012 14:13:34] /addskill roach, sword
[04/02/2012 14:13:34] /addskill roach, sword
[04/02/2012 14:13:34] /addskill roach, sword
[04/02/2012 14:13:34] /addskill roach, sword
[04/02/2012 14:13:34] /addskill roach, sword
[04/02/2012 14:13:34] /addskill roach, sword
[04/02/2012 14:13:34] /addskill roach, sword
[04/02/2012 14:13:34] /addskill roach, sword
[04/02/2012 14:13:34] /addskill roach, sword
[04/02/2012 14:13:34] /addskill roach, sword
[04/02/2012 14:13:34] /addskill roach, sword
[04/02/2012 14:13:35] /addskill roach, sword
[04/02/2012 14:13:35] /addskill roach, sword
[04/02/2012 14:13:35] /addskill roach, sword
[04/02/2012 14:13:35] /addskill roach, sword
[04/02/2012 14:13:35] /addskill roach, sword
[04/02/2012 14:13:35] /addskill roach, sword
[04/02/2012 14:13:35] /addskill roach, sword
[04/02/2012 14:13:35] /addskill roach, sword
[04/02/2012 14:13:35] /addskill roach, sword
[04/02/2012 14:13:35] /addskill roach, sword
[04/02/2012 14:13:35] /addskill roach, sword
[04/02/2012 14:13:36] /addskill roach, sword
[04/02/2012 14:13:36] /addskill roach, sword
[04/02/2012 14:13:36] /addskill roach, sword
[04/02/2012 14:13:36] /addskill roach, sword
[04/02/2012 14:13:40] /addskill roach, sword
[04/02/2012 14:13:52] /addskill roach, sword
[04/02/2012 14:13:54] /addskill roach, sword
[04/02/2012 14:13:57] /addskill roach, sword
[04/02/2012 14:14:58] /addskill roach, level
[04/02/2012 14:15:04] /addskill roach, sword
[04/02/2012 14:15:08] /addskill roach, sword
[04/02/2012 14:16:06] /goto tom
[04/02/2012 14:18:47] /goto Knight Hykrion
[04/02/2012 14:22:34] /i Shield of Corruption
[04/02/2012 14:23:13] /i Eagle Shield
[04/02/2012 14:24:15] /t
[04/02/2012 14:24:48] /i mana rune
[04/02/2012 14:25:48] /ghost
[04/02/2012 14:26:30] /goto luis jimenez
[04/02/2012 14:28:08] /a
[04/02/2012 14:28:09] /a
[04/02/2012 14:28:12] /a
[04/02/2012 14:28:17] /a
[04/02/2012 14:28:57] /i crystal coin
[04/02/2012 14:28:58] /i crystal coin
[04/02/2012 14:28:59] /i crystal coin
[04/02/2012 14:29:01] /i crystal coin
[04/02/2012 14:29:02] /i crystal coin
[04/02/2012 14:29:02] /i crystal coin
[04/02/2012 14:29:03] /i crystal coin
[04/02/2012 14:29:31] /ghost
[04/02/2012 14:30:18] /i backpack
[04/02/2012 14:31:25] /i talon
[04/02/2012 14:31:52] /i talon
[04/02/2012 14:31:53] /i talon
[04/02/2012 14:31:55] /i talon
[04/02/2012 14:31:55] /i talon
[04/02/2012 14:31:55] /i talon
[04/02/2012 14:31:56] /i talon
[04/02/2012 14:31:56] /i talon
[04/02/2012 14:31:57] /i talon
[04/02/2012 14:31:57] /i talon
[04/02/2012 14:31:58] /i talon
[04/02/2012 14:31:58] /i talon
[04/02/2012 14:31:59] /i talon
[04/02/2012 14:31:59] /i talon
[04/02/2012 14:31:59] /i talon
[04/02/2012 14:32:00] /i talon
[04/02/2012 14:32:00] /i talon
[04/02/2012 14:32:01] /i talon
[04/02/2012 14:32:02] /i talon
[04/02/2012 14:32:03] /i talon
[04/02/2012 14:32:03] /i talon
[04/02/2012 14:32:03] /i talon
[04/02/2012 14:32:04] /i talon
[04/02/2012 14:32:04] /i talon
[04/02/2012 14:32:05] /i talon
[04/02/2012 14:32:07] /a
[04/02/2012 14:32:09] /i talon
[04/02/2012 14:32:09] /i talon
[04/02/2012 14:32:12] /a
[04/02/2012 14:32:13] /i talon
[04/02/2012 14:32:37] /ghost
[04/02/2012 14:34:02] /i Gold Ingot
[04/02/2012 14:34:14] /i Gold Ingot
[04/02/2012 14:34:14] /i Gold Ingot
[04/02/2012 14:34:14] /i Gold Ingot
[04/02/2012 14:34:14] /i Gold Ingot
[04/02/2012 14:34:15] /i Gold Ingot
[04/02/2012 14:34:15] /i Gold Ingot
[04/02/2012 14:34:16] /i Gold Ingot
[04/02/2012 14:34:16] /i Gold Ingot
[04/02/2012 14:34:17] /i Gold Ingot
[04/02/2012 14:34:17] /i Gold Ingot
[04/02/2012 14:34:18] /i Gold Ingot
[04/02/2012 14:34:19] /i Gold Ingot
[04/02/2012 14:34:19] /i Gold Ingot
[04/02/2012 14:34:19] /i Gold Ingot
[04/02/2012 14:34:20] /i Gold Ingot
[04/02/2012 14:34:20] /i Gold Ingot
[04/02/2012 14:34:21] /i Gold Ingot
[04/02/2012 14:34:21] /i Gold Ingot
[04/02/2012 14:34:24] /i Gold Ingot
[04/02/2012 14:34:25] /i Gold Ingot
[04/02/2012 14:34:25] /i Gold Ingot
[04/02/2012 14:34:27] /i Gold Ingot
[04/02/2012 14:34:30] /i Gold Ingot
[04/02/2012 14:34:31] /i Gold Ingot
[04/02/2012 14:34:31] /i Gold Ingot
[04/02/2012 14:34:32] /i Gold Ingot
[04/02/2012 14:35:24] /i Magic Longsword
[04/02/2012 14:35:24] /i Magic Longsword
[04/02/2012 14:35:24] /i Magic Longsword
[04/02/2012 14:35:25] /i Magic Longsword
[04/02/2012 14:35:25] /i Magic Longsword
[04/02/2012 14:35:25] /i Magic Longsword
[04/02/2012 14:35:26] /i Magic Longsword
[04/02/2012 14:35:26] /i Magic Longsword
[04/02/2012 14:35:27] /i Magic Longsword
[04/02/2012 14:35:27] /i Magic Longsword
[04/02/2012 14:35:27] /i Magic Longsword
[04/02/2012 14:35:28] /i Magic Longsword
[04/02/2012 14:35:29] /i Magic Longsword
[04/02/2012 14:35:29] /i Magic Longsword
[04/02/2012 14:35:29] /i Magic Longsword
[04/02/2012 14:35:30] /i Magic Longsword
[04/02/2012 14:35:30] /i Magic Longsword
[04/02/2012 14:35:31] /i Magic Longsword
[04/02/2012 14:35:31] /i Magic Longsword
[04/02/2012 14:35:33] /i Magic Longsword
[04/02/2012 14:35:33] /i Magic Longsword
[04/02/2012 14:35:35] /i Magic Longsword
[04/02/2012 14:35:35] /i Magic Longsword
[04/02/2012 14:35:38] /i Magic Longsword
[04/02/2012 14:35:38] /i Magic Longsword
[04/02/2012 14:35:39] /i Magic Longsword
[04/02/2012 14:35:58] /i Warlord Sword
[04/02/2012 14:35:59] /i Warlord Sword
[04/02/2012 14:35:59] /i Warlord Sword
[04/02/2012 14:35:59] /i Warlord Sword
[04/02/2012 14:36:00] /i Warlord Sword
[04/02/2012 14:36:00] /i Warlord Sword
[04/02/2012 14:36:01] /i Warlord Sword
[04/02/2012 14:36:01] /i Warlord Sword
[04/02/2012 14:36:02] /i Warlord Sword
[04/02/2012 14:36:02] /i Warlord Sword
[04/02/2012 14:36:03] /i Warlord Sword
[04/02/2012 14:36:03] /i Warlord Sword
[04/02/2012 14:36:05] /i Warlord Sword
[04/02/2012 14:36:05] /i Warlord Sword
[04/02/2012 14:36:06] /i Warlord Sword
[04/02/2012 14:36:06] /i Warlord Sword
[04/02/2012 14:36:12] /i Warlord Sword
[04/02/2012 14:36:12] /i Warlord Sword
[04/02/2012 14:36:12] /i Warlord Sword
[04/02/2012 14:36:13] /i Warlord Sword
[04/02/2012 14:36:14] /i Warlord Sword
[04/02/2012 14:36:14] /i Warlord Sword
[04/02/2012 14:36:15] /i Warlord Sword
[04/02/2012 14:36:41] /i Warlord Sword
[04/02/2012 14:36:42] /i Warlord Sword
[04/02/2012 14:36:42] /i Warlord Sword
[04/02/2012 14:37:20] /i Ferumbras' Hat
[04/02/2012 14:37:20] /i Ferumbras' Hat
[04/02/2012 14:37:21] /i Ferumbras' Hat
[04/02/2012 14:37:22] /i Ferumbras' Hat
[04/02/2012 14:37:23] /i Ferumbras' Hat
[04/02/2012 14:37:23] /i Ferumbras' Hat
[04/02/2012 14:37:24] /i Ferumbras' Hat
[04/02/2012 14:37:24] /i Ferumbras' Hat
[04/02/2012 14:37:25] /i Ferumbras' Hat
[04/02/2012 14:37:27] /i Ferumbras' Hat
[04/02/2012 14:37:28] /i Ferumbras' Hat
[04/02/2012 14:37:30] /i Ferumbras' Hat
[04/02/2012 14:37:31] /i Ferumbras' Hat
[04/02/2012 14:37:33] /i Ferumbras' Hat
[04/02/2012 14:37:34] /i Ferumbras' Hat
[04/02/2012 14:37:34] /i Ferumbras' Hat
[04/02/2012 14:37:35] /i Ferumbras' Hat
[04/02/2012 14:37:35] /i Ferumbras' Hat
[04/02/2012 14:37:36] /i Ferumbras' Hat
[04/02/2012 14:37:36] /i Ferumbras' Hat
[04/02/2012 14:37:39] /i Ferumbras' Hat
[04/02/2012 14:37:40] /i Ferumbras' Hat
[04/02/2012 14:37:40] /i Ferumbras' Hat
[04/02/2012 14:37:41] /i Ferumbras' Hat
[04/02/2012 14:37:43] /i Ferumbras' Hat
[04/02/2012 14:37:43] /i Ferumbras' Hat
[04/02/2012 14:37:44] /i Ferumbras' Hat
[04/02/2012 14:38:03] /i Vampire Lord Token
[04/02/2012 14:38:04] /i Vampire Lord Token
[04/02/2012 14:38:04] /i Vampire Lord Token
[04/02/2012 14:38:05] /i Vampire Lord Token
[04/02/2012 14:38:05] /i Vampire Lord Token
[04/02/2012 14:38:05] /i Vampire Lord Token
[04/02/2012 14:38:06] /i Vampire Lord Token
[04/02/2012 14:38:07] /i Vampire Lord Token
[04/02/2012 14:38:08] /i Vampire Lord Token
[04/02/2012 14:38:08] /i Vampire Lord Token
[04/02/2012 14:38:09] /i Vampire Lord Token
[04/02/2012 14:38:10] /i Vampire Lord Token
[04/02/2012 14:38:10] /i Vampire Lord Token
[04/02/2012 14:38:11] /i Vampire Lord Token
[04/02/2012 14:38:12] /i Vampire Lord Token
[04/02/2012 14:38:12] /i Vampire Lord Token
[04/02/2012 14:38:12] /i Vampire Lord Token
[04/02/2012 14:38:13] /i Vampire Lord Token
[04/02/2012 14:38:13] /i Vampire Lord Token
[04/02/2012 14:38:14] /i Vampire Lord Token
[04/02/2012 14:38:15] /i Vampire Lord Token
[04/02/2012 14:38:19] /i Vampire Lord Token
[04/02/2012 14:38:19] /i Vampire Lord Token
[04/02/2012 14:38:24] /i Vampire Lord Token
[04/02/2012 14:38:24] /i Vampire Lord Token
[04/02/2012 14:38:25] /i Vampire Lord Token
[04/02/2012 14:38:25] /i Vampire Lord Token
[04/02/2012 14:38:26] /i Vampire Lord Token
[04/02/2012 14:38:48] /goto luis jimenez
[04/02/2012 14:38:58] /a
[04/02/2012 14:39:16] /a
[04/02/2012 14:39:18] /a
[04/02/2012 14:46:16] /ghost
[04/02/2012 14:57:55] /goto demon
[04/02/2012 14:58:03] /c luis jimenez
[04/02/2012 14:59:02] /t
[04/02/2012 15:00:26] /attr sex 2
[04/02/2012 15:00:33] /c luis jimenez
[04/02/2012 15:00:41] /attr sex 2
[04/02/2012 15:00:43] /r
[04/02/2012 15:01:39] /attr sex 1
[04/02/2012 15:01:41] /r
[04/02/2012 15:03:22] /raid rat
[04/02/2012 15:03:47] /raid rats
[04/02/2012 15:04:15] /bc
[04/02/2012 15:04:43] /raid orc
[04/02/2012 16:06:59] /a
[04/02/2012 16:07:07] /a
[04/02/2012 16:07:07] /a
[04/02/2012 16:07:07] /a
[04/02/2012 16:07:08] /a
[04/02/2012 16:07:08] /a
[04/02/2012 16:07:08] /a
[04/02/2012 16:07:09] /a
[04/02/2012 16:07:09] /a
[04/02/2012 16:07:13] /a
[04/02/2012 16:07:13] /a
[04/02/2012 16:07:24] /a
[04/02/2012 16:07:24] /a
[04/02/2012 16:07:24] /a
[04/02/2012 16:07:25] /a
[04/02/2012 16:07:37] /a
[04/02/2012 16:07:37] /a
[04/02/2012 16:07:37] /a
[04/02/2012 16:07:37] /a
[04/02/2012 16:07:37] /a
[04/02/2012 16:07:38] /a
[04/02/2012 16:07:38] /a
[04/02/2012 16:07:46] /a 30
[04/02/2012 16:07:50] /a 100
[04/02/2012 16:07:56] /a 300
[04/02/2012 16:08:23] /a 10
[04/02/2012 16:08:28] /a 1000
[04/02/2012 16:08:31] /a 500
[04/02/2012 16:08:33] /t
[04/02/2012 16:08:36] /a 1000
[04/02/2012 16:09:21] /ghost
[04/02/2012 16:09:33] /addskill roach
[04/02/2012 16:09:46] /goto super paladino
[04/02/2012 16:11:53] /a 1000
[04/02/2012 16:11:57] /a 500
[04/02/2012 16:12:07] /addskill roach,
[04/02/2012 16:12:18] /addskill roach, level
[04/02/2012 16:12:20] /addskill roach, level
[04/02/2012 16:12:21] /addskill roach, level
[04/02/2012 16:12:21] /addskill roach, level
[04/02/2012 16:12:35] /addskill roach, level
[04/02/2012 16:12:36] /addskill roach, level
[04/02/2012 16:12:36] /addskill roach, level
[04/02/2012 16:12:36] /addskill roach, level
[04/02/2012 16:12:36] /addskill roach, level
[04/02/2012 16:12:36] /addskill roach, level
[04/02/2012 16:12:37] /addskill roach, level
[04/02/2012 16:12:37] /addskill roach, level
[04/02/2012 16:12:37] /addskill roach, level
[04/02/2012 16:12:37] /addskill roach, level
[04/02/2012 16:12:37] /addskill roach, level
[04/02/2012 16:12:38] /addskill roach, level
[04/02/2012 16:12:38] /addskill roach, level
[04/02/2012 16:12:38] /addskill roach, level
[04/02/2012 16:12:38] /addskill roach, level
[04/02/2012 16:12:38] /addskill roach, level
[04/02/2012 16:12:38] /addskill roach, level
[04/02/2012 16:12:38] /addskill roach, level
[04/02/2012 16:12:38] /addskill roach, level
[04/02/2012 16:12:39] /addskill roach, level
[04/02/2012 16:12:39] /addskill roach, level
[04/02/2012 16:12:39] /addskill roach, level
[04/02/2012 16:12:39] /addskill roach, level
[04/02/2012 16:12:40] /addskill roach, level
[04/02/2012 16:12:43] /addskill roach, level
[04/02/2012 16:12:44] /addskill roach, level
[04/02/2012 16:12:45] /addskill roach, level
[04/02/2012 16:12:45] /addskill roach, level
[04/02/2012 16:12:45] /addskill roach, level
[04/02/2012 16:12:45] /addskill roach, level
[04/02/2012 16:12:45] /addskill roach, level
[04/02/2012 16:12:45] /addskill roach, level
[04/02/2012 16:12:46] /addskill roach, level
[04/02/2012 16:12:46] /addskill roach, level
[04/02/2012 16:12:46] /addskill roach, level
[04/02/2012 16:12:46] /addskill roach, level
[04/02/2012 16:12:48] /addskill roach, level
[04/02/2012 16:12:49] /addskill roach, level
[04/02/2012 16:12:49] /addskill roach, level
[04/02/2012 16:12:49] /addskill roach, level
[04/02/2012 16:12:50] /addskill roach, level
[04/02/2012 16:13:11] /addskill roach, level 5
[04/02/2012 16:13:17] /addskill roach, level
[04/02/2012 16:13:18] /addskill roach, level
[04/02/2012 16:13:18] /addskill roach, level
[04/02/2012 16:13:18] /addskill roach, level
[04/02/2012 16:13:18] /addskill roach, level
[04/02/2012 16:13:19] /addskill roach, level
[04/02/2012 16:13:19] /addskill roach, level
[04/02/2012 16:13:19] /addskill roach, level
[04/02/2012 16:13:20] /addskill roach, level
[04/02/2012 16:13:20] /addskill roach, level
[04/02/2012 16:13:20] /addskill roach, level
[04/02/2012 16:13:20] /addskill roach, level
[04/02/2012 16:13:20] /addskill roach, level
[04/02/2012 16:13:20] /addskill roach, level
[04/02/2012 16:13:20] /addskill roach, level
[04/02/2012 16:13:20] /addskill roach, level
[04/02/2012 16:13:20] /addskill roach, level
[04/02/2012 16:13:21] /addskill roach, level
[04/02/2012 16:13:21] /addskill roach, level
[04/02/2012 16:13:21] /addskill roach, level
[04/02/2012 16:13:21] /addskill roach, level
[04/02/2012 16:13:21] /addskill roach, level
[04/02/2012 16:13:21] /addskill roach, level
[04/02/2012 16:13:22] /addskill roach, level
[04/02/2012 16:13:22] /addskill roach, level
[04/02/2012 16:13:22] /addskill roach, level
[04/02/2012 16:13:22] /addskill roach, level
[04/02/2012 16:13:23] /addskill roach, level
[04/02/2012 16:13:23] /addskill roach, level
[04/02/2012 16:13:23] /addskill roach, level
[04/02/2012 16:13:23] /addskill roach, level
[04/02/2012 16:13:24] /addskill roach, level
[04/02/2012 16:13:25] /addskill roach, level
[04/02/2012 16:13:25] /addskill roach, level
[04/02/2012 16:13:27] /addskill roach, level
[04/02/2012 16:13:27] /addskill roach, level
[04/02/2012 16:13:28] /addskill roach, level
[04/02/2012 16:13:29] /addskill roach, level
[04/02/2012 16:13:29] /addskill roach, level
[04/02/2012 16:13:30] /addskill roach, level
[04/02/2012 16:13:31] /addskill roach, level
[04/02/2012 16:13:31] /addskill roach, level
[04/02/2012 16:13:32] /addskill roach, level
[04/02/2012 16:13:33] /addskill roach, level
[04/02/2012 16:14:45] /m exp bug
[04/02/2012 16:15:48] /a
[04/02/2012 17:48:07] /t
[04/02/2012 17:48:34] /n rashid
[04/02/2012 17:49:10] /ghost
[04/02/2012 17:49:14] /a
[04/02/2012 17:53:13] /c carlos belmonte
[04/02/2012 17:54:05] /goto demon
[04/02/2012 17:54:20] /c carlos belmonte
[04/02/2012 17:54:45] /a
[04/02/2012 17:55:06] /c carlos belmonte
[04/02/2012 17:55:35] /up
[04/02/2012 17:55:41] /down
[04/02/2012 17:55:42] /a
[04/02/2012 17:55:42] /a
[04/02/2012 17:55:43] /a
[04/02/2012 17:55:43] /a
[04/02/2012 17:55:43] /a
[04/02/2012 17:55:44] /a
[04/02/2012 17:55:44] /a
[04/02/2012 17:55:44] /a
[04/02/2012 17:55:44] /a
[04/02/2012 17:55:44] /a
[04/02/2012 17:55:45] /a
[04/02/2012 17:55:45] /a
[04/02/2012 17:55:46] /a
[04/02/2012 17:55:46] /a
[04/02/2012 17:55:46] /a
[04/02/2012 17:55:46] /a
[04/02/2012 17:55:47] /a
[04/02/2012 17:55:47] /a
[04/02/2012 17:55:47] /a
[04/02/2012 17:55:47] /a
[04/02/2012 17:55:49] /a
[04/02/2012 17:55:49] /a
[04/02/2012 17:55:52] /a
[04/02/2012 17:55:52] /a
[04/02/2012 17:55:52] /a
[04/02/2012 17:55:53] /a
[04/02/2012 17:55:53] /a
[04/02/2012 17:55:53] /a
[04/02/2012 17:56:00] /a
[04/02/2012 17:56:00] /a
[04/02/2012 17:56:20] /up
[04/02/2012 17:56:44] /a
[04/02/2012 17:57:42] /a
[04/02/2012 17:57:42] /a
[04/02/2012 17:57:42] /a
[04/02/2012 17:57:43] /a
[04/02/2012 17:57:43] /a
[04/02/2012 17:57:43] /a
[04/02/2012 17:57:44] /a
[04/02/2012 17:57:44] /a
[04/02/2012 17:57:44] /a
[04/02/2012 17:57:44] /a
[04/02/2012 17:57:44] /a
[04/02/2012 17:57:44] /a
[04/02/2012 17:57:54] /goto carlos belmonte
[04/02/2012 17:59:14] /a
[04/02/2012 17:59:15] /a
[04/02/2012 17:59:35] /a
[04/02/2012 17:59:54] /a
[04/02/2012 18:00:16] /goto carlos belmonte
[04/02/2012 18:01:03] /t
[04/02/2012 18:01:06] /a 1000
[04/02/2012 18:01:10] /a 500
[04/02/2012 18:01:13] /a
[04/02/2012 18:01:13] /a
[04/02/2012 18:01:13] /a
[04/02/2012 18:01:13] /a
[04/02/2012 18:01:14] /a
[04/02/2012 18:01:14] /a
[04/02/2012 18:01:14] /a
[04/02/2012 18:01:14] /a
[04/02/2012 18:01:14] /a
[04/02/2012 18:01:15] /a
[04/02/2012 18:01:15] /a
[04/02/2012 18:01:15] /a
[04/02/2012 18:01:15] /a
[04/02/2012 18:01:16] /a
[04/02/2012 18:01:17] /a
[04/02/2012 18:01:21] /a
[04/02/2012 18:01:21] /a
[04/02/2012 18:01:22] /a
[04/02/2012 18:01:22] /a
[04/02/2012 18:01:22] /a
[04/02/2012 18:01:22] /a
[04/02/2012 18:01:23] /a
[04/02/2012 18:01:23] /a
[04/02/2012 18:01:23] /a
[04/02/2012 18:01:23] /a
[04/02/2012 18:01:23] /a
[04/02/2012 18:01:24] /a
[04/02/2012 18:01:24] /a
[04/02/2012 18:01:24] /a
[04/02/2012 18:01:24] /a
[04/02/2012 18:01:24] /a
[04/02/2012 18:01:24] /a
[04/02/2012 18:01:24] /a
[04/02/2012 18:01:24] /a
[04/02/2012 18:01:24] /a
[04/02/2012 18:01:24] /a
[04/02/2012 18:01:24] /a
[04/02/2012 18:01:25] /a
[04/02/2012 18:01:25] /a
[04/02/2012 18:01:25] /a
[04/02/2012 18:01:25] /a
[04/02/2012 18:01:25] /a
[04/02/2012 18:01:25] /a
[04/02/2012 18:01:25] /a
[04/02/2012 18:01:25] /a
[04/02/2012 18:01:25] /a
[04/02/2012 18:01:26] /a
[04/02/2012 18:01:26] /a
[04/02/2012 18:01:26] /a
[04/02/2012 18:01:26] /a
[04/02/2012 18:01:26] /a
[04/02/2012 18:01:26] /a
[04/02/2012 18:01:26] /a
[04/02/2012 18:01:26] /a
[04/02/2012 18:01:26] /a
[04/02/2012 18:01:27] /a
[04/02/2012 18:01:27] /a
[04/02/2012 18:01:27] /a
[04/02/2012 18:01:27] /a
[04/02/2012 18:01:27] /a
[04/02/2012 18:01:27] /a
[04/02/2012 18:01:27] /a
[04/02/2012 18:01:27] /a
[04/02/2012 18:01:27] /a
[04/02/2012 18:01:27] /a
[04/02/2012 18:01:27] /a
[04/02/2012 18:01:28] /a
[04/02/2012 18:01:28] /a
[04/02/2012 18:01:33] /a
[04/02/2012 18:01:51] /t
[04/02/2012 18:02:09] /a 100
[04/02/2012 18:02:14] /a
[04/02/2012 18:02:15] /a
[04/02/2012 18:02:15] /a
[04/02/2012 18:02:16] /a
[04/02/2012 18:02:16] /a
[04/02/2012 18:02:23] /a
[04/02/2012 18:02:23] /a
[04/02/2012 18:02:24] /a
[04/02/2012 18:02:24] /a
[04/02/2012 18:02:39] /a
[04/02/2012 18:25:14] /a
[04/02/2012 18:25:15] /a
[04/02/2012 18:25:15] /a
[04/02/2012 18:25:15] /a
[04/02/2012 18:25:19] /a
[04/02/2012 18:25:20] /a
[04/02/2012 18:25:20] /a
[04/02/2012 18:25:20] /a
[04/02/2012 18:25:20] /a
[04/02/2012 18:25:20] /a
[04/02/2012 18:25:21] /a
[04/02/2012 18:26:11] /t
[04/02/2012 18:26:31] /c carlos belmonte
[04/02/2012 18:26:35] /ghost
[04/02/2012 18:26:40] /a 200
[04/02/2012 18:26:56] /a
[04/02/2012 18:26:56] /a
[04/02/2012 18:26:56] /a
[04/02/2012 18:26:57] /a
[04/02/2012 18:26:57] /a
[04/02/2012 18:27:01] /down
[04/02/2012 18:27:03] /a
[04/02/2012 18:27:04] /a
[04/02/2012 18:27:04] /a
[04/02/2012 18:27:04] /a
[04/02/2012 18:27:04] /a
[04/02/2012 18:27:05] /a
[04/02/2012 18:27:05] /a
[04/02/2012 18:27:05] /a
[04/02/2012 18:27:06] /a
[04/02/2012 18:27:06] /a
[04/02/2012 18:27:07] /a
[04/02/2012 18:27:07] /a
[04/02/2012 18:27:08] /a
[04/02/2012 18:27:08] /a
[04/02/2012 18:27:08] /a
[04/02/2012 18:27:09] /a
[04/02/2012 18:27:09] /a
[04/02/2012 18:27:09] /a
[04/02/2012 18:27:09] /a
[04/02/2012 18:27:09] /a
[04/02/2012 18:27:09] /a
[04/02/2012 18:27:09] /a
[04/02/2012 18:27:09] /a
[04/02/2012 18:27:10] /a
[04/02/2012 18:27:10] /a
[04/02/2012 18:27:10] /a
[04/02/2012 18:27:10] /a
[04/02/2012 18:27:10] /a
[04/02/2012 18:27:10] /a
[04/02/2012 18:27:10] /a
[04/02/2012 18:27:10] /a
[04/02/2012 18:27:10] /a
[04/02/2012 18:27:19] /down
[04/02/2012 18:27:21] /a
[04/02/2012 18:27:22] /a
[04/02/2012 18:27:22] /a
[04/02/2012 18:27:22] /a
[04/02/2012 18:27:22] /a
[04/02/2012 18:27:22] /a
[04/02/2012 18:27:23] /a
[04/02/2012 18:27:23] /a
[04/02/2012 18:27:23] /a
[04/02/2012 18:27:23] /a
[04/02/2012 18:27:24] /a
[04/02/2012 18:27:24] /a
[04/02/2012 18:27:24] /a
[04/02/2012 18:27:24] /a
[04/02/2012 18:27:24] /a
[04/02/2012 18:27:24] /a
[04/02/2012 18:27:25] /a
[04/02/2012 18:27:25] /a
[04/02/2012 18:27:25] /a
[04/02/2012 18:27:28] /up
[04/02/2012 18:27:33] /a
[04/02/2012 18:28:07] /a
[04/02/2012 18:28:26] /down
[04/02/2012 18:28:27] /a
[04/02/2012 18:28:27] /a
[04/02/2012 18:28:27] /a
[04/02/2012 18:28:28] /a
[04/02/2012 18:28:28] /a
[04/02/2012 18:28:28] /a
[04/02/2012 18:28:28] /a
[04/02/2012 18:28:29] /a
[04/02/2012 18:28:29] /a
[04/02/2012 18:28:30] /a
[04/02/2012 18:28:30] /a
[04/02/2012 18:28:36] /up
[04/02/2012 18:28:42] /up
[04/02/2012 18:28:50] /up
[04/02/2012 18:28:54] /a
[04/02/2012 18:28:55] /a
[04/02/2012 18:28:55] /a
[04/02/2012 18:28:55] /a
[04/02/2012 18:29:02] /a
[04/02/2012 18:29:03] /a
[04/02/2012 18:29:03] /a
[04/02/2012 18:29:03] /a
[04/02/2012 18:29:03] /a
[04/02/2012 18:29:03] /a
[04/02/2012 18:29:04] /a
[04/02/2012 18:29:04] /a
[04/02/2012 18:29:05] /a
[04/02/2012 18:29:05] /a
[04/02/2012 18:29:05] /a
[04/02/2012 18:29:05] /a
[04/02/2012 18:29:06] /a
[04/02/2012 18:29:06] /a
[04/02/2012 18:29:06] /a
[04/02/2012 18:29:06] /a
[04/02/2012 18:29:06] /a
[04/02/2012 18:29:07] /a
[04/02/2012 18:29:07] /a
[04/02/2012 18:29:07] /a
[04/02/2012 18:29:07] /a
[04/02/2012 18:29:07] /a
[04/02/2012 18:29:08] /a
[04/02/2012 18:29:08] /a
[04/02/2012 18:29:08] /a
[04/02/2012 18:29:08] /a
[04/02/2012 18:29:08] /a
[04/02/2012 18:29:09] /a
[04/02/2012 18:29:09] /a
[04/02/2012 18:29:09] /a
[04/02/2012 18:29:09] /a
[04/02/2012 18:29:10] /a
[04/02/2012 18:29:10] /a
[04/02/2012 18:29:10] /a
[04/02/2012 18:29:18] /up
[04/02/2012 18:29:19] /up
[04/02/2012 18:29:20] /up
[04/02/2012 18:29:22] /up
[04/02/2012 18:29:29] /a
[04/02/2012 18:29:29] /a
[04/02/2012 18:29:30] /a
[04/02/2012 18:29:30] /a
[04/02/2012 18:29:30] /a
[04/02/2012 18:29:31] /a
[04/02/2012 18:29:31] /a
[04/02/2012 18:29:31] /a
[04/02/2012 18:29:31] /a
[04/02/2012 18:29:31] /a
[04/02/2012 18:29:31] /a
[04/02/2012 18:29:31] /a
[04/02/2012 18:29:32] /a
[04/02/2012 18:29:32] /a
[04/02/2012 18:29:34] /a
[04/02/2012 18:29:35] /a
[04/02/2012 18:29:35] /a
[04/02/2012 18:29:35] /a
[04/02/2012 18:29:35] /a
[04/02/2012 18:29:38] /a
[04/02/2012 18:29:52] /a 300
[04/02/2012 18:29:54] /a
[04/02/2012 18:29:54] /a
[04/02/2012 18:30:02] /a
[04/02/2012 18:30:18] /up
[04/02/2012 18:30:20] /a
[04/02/2012 18:30:30] /a
[04/02/2012 18:30:30] /a
[04/02/2012 18:30:30] /a
[04/02/2012 18:30:42] /a
[04/02/2012 18:31:07] /a
[04/02/2012 18:31:07] /a
[04/02/2012 18:31:07] /a
[04/02/2012 18:31:07] /a
[04/02/2012 18:31:07] /a
[04/02/2012 18:31:09] /a
[04/02/2012 18:31:10] /a
[04/02/2012 18:31:10] /a
[04/02/2012 18:31:10] /a
[04/02/2012 18:31:10] /a
[04/02/2012 18:31:10] /a
[04/02/2012 18:31:10] /a
[04/02/2012 18:31:10] /a
[04/02/2012 18:31:10] /a
[04/02/2012 18:31:10] /a
[04/02/2012 18:31:11] /a
[04/02/2012 18:31:11] /a
[04/02/2012 18:31:11] /a
[04/02/2012 18:31:11] /a
[04/02/2012 18:31:11] /a
[04/02/2012 18:31:11] /a
[04/02/2012 18:31:29] /a
[04/02/2012 18:31:37] /a
[04/02/2012 18:31:37] /a
[04/02/2012 18:31:37] /a
[04/02/2012 18:31:38] /a
[04/02/2012 18:31:38] /a
[04/02/2012 18:31:38] /a
[04/02/2012 18:32:02] /a
[04/02/2012 18:32:02] /a
[04/02/2012 18:32:02] /a
[04/02/2012 18:32:02] /a
[04/02/2012 18:32:03] /a
[04/02/2012 18:32:05] /down
[04/02/2012 18:32:13] /down
[04/02/2012 18:32:14] /a
[04/02/2012 18:32:14] /a
[04/02/2012 18:32:15] /a
[04/02/2012 18:32:16] /up
[04/02/2012 18:32:18] /up
[04/02/2012 18:32:19] /a
[04/02/2012 18:32:20] /a
[04/02/2012 18:32:20] /a
[04/02/2012 18:32:20] /a
[04/02/2012 18:32:20] /a
[04/02/2012 18:32:20] /a
[04/02/2012 18:32:59] /goto slim
[04/02/2012 18:33:20] /up
[04/02/2012 18:33:22] /up
[04/02/2012 18:33:27] /goto slin
[04/02/2012 18:33:33] /goto slime
[04/02/2012 18:33:39] /a
[04/02/2012 18:33:44] /a
[04/02/2012 18:33:48] /a
[04/02/2012 18:33:48] /a
[04/02/2012 18:34:42] /goto slime
[04/02/2012 19:54:21] /m elder beholder
[04/02/2012 19:54:37] /i beholder shield
[04/02/2012 19:54:57] /down
[04/02/2012 19:55:11] /a
[04/02/2012 19:55:12] /a
[04/02/2012 19:55:55] /addskill roach, magic level
[04/02/2012 19:55:59] /addskill roach, magic level 10
[04/02/2012 19:56:14] /addskill roach, magic level
[04/02/2012 19:56:14] /addskill roach, magic level
[04/02/2012 19:56:14] /addskill roach, magic level
[04/02/2012 19:56:14] /addskill roach, magic level
[04/02/2012 19:56:14] /addskill roach, magic level
[04/02/2012 19:56:14] /addskill roach, magic level
[04/02/2012 19:56:15] /addskill roach, magic level
[04/02/2012 19:56:15] /addskill roach, magic level
[04/02/2012 19:56:15] /addskill roach, magic level
[04/02/2012 19:56:15] /addskill roach, magic level
[04/02/2012 19:56:15] /addskill roach, magic level
[04/02/2012 19:56:15] /addskill roach, magic level
[04/02/2012 19:56:16] /addskill roach, magic level
[04/02/2012 19:56:16] /addskill roach, magic level
[04/02/2012 19:56:16] /addskill roach, magic level
[04/02/2012 19:56:16] /addskill roach, magic level
[04/02/2012 19:56:16] /addskill roach, magic level
[04/02/2012 19:56:16] /addskill roach, magic level
[04/02/2012 19:56:16] /addskill roach, magic level
[04/02/2012 19:56:17] /addskill roach, magic level
[04/02/2012 19:56:21] /addskill roach, magic level
[04/02/2012 19:56:21] /addskill roach, magic level
[04/02/2012 19:56:21] /addskill roach, magic level
[04/02/2012 19:56:22] /addskill roach, magic level
[04/02/2012 19:56:22] /addskill roach, magic level
[04/02/2012 19:56:22] /addskill roach, magic level
[04/02/2012 19:56:22] /addskill roach, magic level
[04/02/2012 19:56:23] /addskill roach, magic level
[04/02/2012 19:56:23] /addskill roach, magic level
[04/02/2012 19:56:23] /addskill roach, magic level
[04/02/2012 19:56:23] /addskill roach, magic level
[04/02/2012 19:56:23] /addskill roach, magic level
[04/02/2012 19:56:23] /addskill roach, magic level
[04/02/2012 19:56:23] /addskill roach, magic level
[04/02/2012 19:56:24] /addskill roach, magic level
[04/02/2012 19:56:24] /addskill roach, magic level
[04/02/2012 19:56:24] /addskill roach, magic level
[04/02/2012 19:56:24] /addskill roach, magic level
[04/02/2012 19:56:24] /addskill roach, magic level
[04/02/2012 19:56:24] /addskill roach, magic level
[04/02/2012 19:56:24] /addskill roach, magic level
[04/02/2012 19:56:25] /addskill roach, magic level
[04/02/2012 19:56:25] /addskill roach, magic level
[04/02/2012 19:56:25] /addskill roach, magic level
[04/02/2012 19:56:25] /addskill roach, magic level
[04/02/2012 19:56:25] /addskill roach, magic level
[04/02/2012 19:56:25] /addskill roach, magic level
[04/02/2012 19:56:26] /addskill roach, magic level
[04/02/2012 19:56:26] /addskill roach, magic level
[04/02/2012 19:56:26] /addskill roach, magic level
[04/02/2012 19:56:27] /addskill roach, magic level
[04/02/2012 19:56:27] /addskill roach, magic level
[04/02/2012 19:56:27] /addskill roach, magic level
[04/02/2012 19:56:27] /addskill roach, magic level
[04/02/2012 19:56:27] /addskill roach, magic level
[04/02/2012 19:56:27] /addskill roach, magic level
[04/02/2012 19:56:27] /addskill roach, magic level
[04/02/2012 19:56:27] /addskill roach, magic level
[04/02/2012 19:56:27] /addskill roach, magic level
[04/02/2012 19:56:28] /addskill roach, magic level
[04/02/2012 19:56:28] /addskill roach, magic level
[04/02/2012 19:56:28] /addskill roach, magic level
[04/02/2012 19:56:28] /addskill roach, magic level
[04/02/2012 19:56:29] /addskill roach, magic level
[04/02/2012 19:56:29] /addskill roach, magic level
[04/02/2012 19:56:29] /addskill roach, magic level
[04/02/2012 19:56:29] /addskill roach, magic level
[04/02/2012 19:56:29] /addskill roach, magic level
[04/02/2012 19:56:29] /addskill roach, magic level
[04/02/2012 19:56:30] /addskill roach, magic level
[04/02/2012 19:56:30] /addskill roach, magic level
[04/02/2012 19:56:30] /addskill roach, magic level
[04/02/2012 19:56:34] /addskill roach, magic level
[04/02/2012 19:56:34] /addskill roach, magic level
[04/02/2012 19:56:34] /addskill roach, magic level
[04/02/2012 19:56:34] /addskill roach, magic level
[04/02/2012 19:56:34] /addskill roach, magic level
[04/02/2012 19:56:35] /addskill roach, magic level
[04/02/2012 19:56:35] /addskill roach, magic level
[04/02/2012 19:56:35] /addskill roach, magic level
[04/02/2012 19:56:35] /addskill roach, magic level
[04/02/2012 19:56:37] /addskill roach, magic level
[04/02/2012 19:56:37] /addskill roach, magic level
[04/02/2012 19:56:37] /addskill roach, magic level
[04/02/2012 19:56:37] /addskill roach, magic level
[04/02/2012 19:56:37] /addskill roach, magic level
[04/02/2012 19:56:37] /addskill roach, magic level
[04/02/2012 19:56:38] /addskill roach, magic level
[04/02/2012 19:56:38] /addskill roach, magic level
[04/02/2012 19:56:38] /addskill roach, magic level
[04/02/2012 19:56:38] /addskill roach, magic level
[04/02/2012 19:56:38] /addskill roach, magic level
[04/02/2012 19:56:38] /addskill roach, magic level
[04/02/2012 19:56:39] /addskill roach, magic level
[04/02/2012 19:56:39] /addskill roach, magic level
[04/02/2012 19:56:39] /addskill roach, magic level
[04/02/2012 19:56:40] /addskill roach, magic level
[04/02/2012 19:56:40] /addskill roach, magic level
[04/02/2012 19:56:40] /addskill roach, magic level
[04/02/2012 19:56:40] /addskill roach, magic level
[04/02/2012 19:56:40] /addskill roach, magic level
[04/02/2012 19:56:40] /addskill roach, magic level
[04/02/2012 19:56:40] /addskill roach, magic level
[04/02/2012 19:56:40] /addskill roach, magic level
[04/02/2012 19:56:41] /addskill roach, magic level
[04/02/2012 19:56:41] /addskill roach, magic level
[04/02/2012 19:56:41] /addskill roach, magic level
[04/02/2012 19:56:41] /addskill roach, magic level
[04/02/2012 19:56:41] /addskill roach, magic level
[04/02/2012 19:56:41] /addskill roach, magic level
[04/02/2012 19:56:42] /addskill roach, magic level
[04/02/2012 19:56:42] /addskill roach, magic level
[04/02/2012 19:56:42] /addskill roach, magic level
[04/02/2012 19:56:42] /addskill roach, magic level
[04/02/2012 19:56:42] /addskill roach, magic level
[04/02/2012 19:56:43] /addskill roach, magic level
[04/02/2012 19:56:43] /addskill roach, magic level
[04/02/2012 19:56:43] /addskill roach, magic level
[04/02/2012 19:56:43] /addskill roach, magic level
[04/02/2012 19:56:43] /addskill roach, magic level
[04/02/2012 19:56:43] /addskill roach, magic level
[04/02/2012 19:56:44] /addskill roach, magic level
[04/02/2012 19:56:44] /addskill roach, magic level
[04/02/2012 19:56:44] /addskill roach, magic level
[04/02/2012 19:56:44] /addskill roach, magic level
[04/02/2012 19:56:44] /addskill roach, magic level
[04/02/2012 19:56:44] /addskill roach, magic level
[04/02/2012 19:56:45] /addskill roach, magic level
[04/02/2012 19:56:45] /addskill roach, magic level
[04/02/2012 19:56:46] /addskill roach, magic level
[04/02/2012 19:56:46] /addskill roach, magic level
[04/02/2012 19:56:46] /addskill roach, magic level
[04/02/2012 19:56:46] /addskill roach, magic level
[04/02/2012 19:56:46] /addskill roach, magic level
[04/02/2012 19:56:46] /addskill roach, magic level
[04/02/2012 19:56:46] /addskill roach, magic level
[04/02/2012 19:56:47] /addskill roach, magic level
[04/02/2012 19:56:47] /addskill roach, magic level
[04/02/2012 19:56:47] /addskill roach, magic level
[04/02/2012 19:56:48] /addskill roach, magic level
[04/02/2012 19:56:48] /addskill roach, magic level
[04/02/2012 19:56:48] /addskill roach, magic level
[04/02/2012 19:56:48] /addskill roach, magic level
[04/02/2012 19:56:48] /addskill roach, magic level
[04/02/2012 19:56:48] /addskill roach, magic level
[04/02/2012 19:56:48] /addskill roach, magic level
[04/02/2012 19:56:48] /addskill roach, magic level
[04/02/2012 19:56:49] /addskill roach, magic level
[04/02/2012 19:56:49] /addskill roach, magic level
[04/02/2012 19:56:49] /addskill roach, magic level
[04/02/2012 19:56:49] /addskill roach, magic level
[04/02/2012 19:56:49] /addskill roach, magic level
[04/02/2012 19:56:49] /addskill roach, magic level
[04/02/2012 19:56:49] /addskill roach, magic level
[04/02/2012 19:56:50] /addskill roach, magic level
[04/02/2012 19:56:51] /addskill roach, magic level
[04/02/2012 19:56:51] /addskill roach, magic level
[04/02/2012 19:56:51] /addskill roach, magic level
[04/02/2012 19:56:51] /addskill roach, magic level
[04/02/2012 19:56:51] /addskill roach, magic level
[04/02/2012 19:56:51] /addskill roach, magic level
[04/02/2012 19:56:51] /addskill roach, magic level
[04/02/2012 19:56:51] /addskill roach, magic level
[04/02/2012 19:56:51] /addskill roach, magic level
[04/02/2012 19:56:52] /addskill roach, magic level
[04/02/2012 19:56:52] /addskill roach, magic level
[04/02/2012 19:56:52] /addskill roach, magic level
[04/02/2012 19:56:52] /addskill roach, magic level
[04/02/2012 19:56:52] /addskill roach, magic level
[04/02/2012 19:56:52] /addskill roach, magic level
[04/02/2012 19:56:53] /addskill roach, magic level
[04/02/2012 19:56:54] /addskill roach, magic level
[04/02/2012 19:56:54] /addskill roach, magic level
[04/02/2012 19:57:01] /addskill roach, magic level
[04/02/2012 19:57:55] /i 1432
[04/02/2012 19:58:06] /i 6172
[04/02/2012 19:58:09] /i 1
[04/02/2012 19:58:14] /i 9891
[04/02/2012 19:58:22] /i 2222
[04/02/2012 19:58:27] /i 62
[04/02/2012 19:58:33] /clean
[04/02/2012 19:58:36] /i 281
[04/02/2012 19:58:40] /i 8621
[04/02/2012 19:58:44] /i 9823
[04/02/2012 19:58:50] /i 0000
[04/02/2012 19:58:53] /i 0
[04/02/2012 19:58:59] /i 823
[04/02/2012 19:59:02] /i 1023
[04/02/2012 19:59:35] /i Ice Rapier
[04/02/2012 19:59:57] /i Dark Trinity Mace
[04/02/2012 20:02:16] /attr set attack 99999999 
[04/02/2012 20:02:29] /r
[04/02/2012 20:02:55] /i Backpack of Holding
[04/02/2012 20:03:55] /i Wedding Ring
[04/02/2012 20:04:08] /goto demon
[04/02/2012 20:05:05] /i esmeral sword
[04/02/2012 20:05:30] /i Emerald Sword
[04/02/2012 20:05:58] /attr set attack 999999
[04/02/2012 20:06:18] /r
[04/02/2012 20:07:20] /addskill roach, club,10
[04/02/2012 20:07:28] /addskill roach, club,10
[04/02/2012 20:07:30] /addskill roach, club,10
[04/02/2012 20:07:31] /addskill roach, club,10
[04/02/2012 20:07:31] /addskill roach, club,10
[04/02/2012 20:07:31] /addskill roach, club,10
[04/02/2012 20:07:31] /addskill roach, club,10
[04/02/2012 20:07:31] /addskill roach, club,10
[04/02/2012 20:07:32] /addskill roach, club,10
[04/02/2012 20:07:32] /addskill roach, club,10
[04/02/2012 20:07:32] /addskill roach, club,10
[04/02/2012 20:07:32] /addskill roach, club,10
[04/02/2012 20:07:32] /addskill roach, club,10
[04/02/2012 20:07:33] /addskill roach, club,10
[04/02/2012 20:07:33] /addskill roach, club,10
[04/02/2012 20:07:33] /addskill roach, club,10
[04/02/2012 20:07:33] /addskill roach, club,10
[04/02/2012 20:07:33] /addskill roach, club,10
[04/02/2012 20:07:33] /addskill roach, club,10
[04/02/2012 20:07:34] /addskill roach, club,10
[04/02/2012 20:07:34] /addskill roach, club,10
[04/02/2012 20:07:34] /addskill roach, club,10
[04/02/2012 20:10:45] /bc roach
[04/02/2012 20:11:40] /goto 1
[04/02/2012 20:11:44] /goto 2000
[04/02/2012 20:11:58] /goto 1,1,1
[04/02/2012 20:12:09] /goto 123,60,7
[04/02/2012 20:13:40] /m ferumbras
[04/02/2012 20:14:17] /clean
[04/02/2012 20:14:24] /m morgaroth
[04/02/2012 20:14:32] /m morgaroth
[04/02/2012 20:14:41] /r
[04/02/2012 20:14:42] /r
[04/02/2012 20:14:46] /m morgartoh
[04/02/2012 20:14:49] /m morgaroth
[04/02/2012 20:14:57] /r
[04/02/2012 20:15:27] /i Blessed Shield
[05/02/2012 00:22:05] /t
[05/02/2012 00:23:39] /a
[05/02/2012 00:27:28] /goto warlork
[05/02/2012 00:27:32] /goto demon
[05/02/2012 00:27:46] /ghost
[05/02/2012 00:31:11] /goto demotras
[05/02/2012 00:31:16] /m demodras
[05/02/2012 00:35:01] /m The Mutated Pumpkin
[05/02/2012 00:35:10] /m Zugurosh
[05/02/2012 00:35:19] /m Zugurosh
[05/02/2012 00:35:22] /m Zugurosh
[05/02/2012 00:35:37] /m Zugurosh
[05/02/2012 00:35:47] /clean
[05/02/2012 00:35:50] /r
[05/02/2012 00:35:59] /m Ghazbaran
[05/02/2012 00:36:10] /r
[05/02/2012 00:36:31] /m Orshabaal
[05/02/2012 00:36:45] /m The Handmaiden
[05/02/2012 00:36:56] /r
[05/02/2012 00:36:58] /r
[05/02/2012 00:37:05] /m Zulazza The Corruptor
[05/02/2012 00:37:12] /r
[05/02/2012 00:37:21] /m Massacre
[05/02/2012 00:37:28] /r
[05/02/2012 00:37:30] /r
[05/02/2012 00:37:37] /m Hellgorak
[05/02/2012 00:37:58] /r
[05/02/2012 00:38:10] /t
[05/02/2012 00:38:11] /ghost
[05/02/2012 00:39:01] /a
[05/02/2012 00:39:05] /owner
[05/02/2012 00:39:15] /owner roach
[05/02/2012 00:39:20] /a
[05/02/2012 00:39:38] /ghost
[05/02/2012 00:39:55] /r
[05/02/2012 00:44:32] /r
